"../../../StreetBrawler/Content/Character/CharacterMaterial.uasset" 0
"../../../StreetBrawler/Content/Character/CharacterMaterial_Inst.uasset" 1
"../../../StreetBrawler/Content/Character/SK_Mannequin_PhysicsAsset.uasset" 2
"../../../StreetBrawler/Content/Character/SK_Mannequin.uasset" 3
"../../../StreetBrawler/Content/Character/SK_Mannequin_Skeleton.uasset" 4
"../../../StreetBrawler/Content/Character/Animations/MontageExample_End_1.uasset" 5
"../../../StreetBrawler/Content/Character/Animations/MontageExample_End_2.uasset" 6
"../../../StreetBrawler/Content/Character/Animations/MontageExample_Punch_1.uasset" 7
"../../../StreetBrawler/Content/Character/Animations/MontageExample_Punch_2.uasset" 8
"../../../StreetBrawler/Content/Character/Animations/MontageExample_Start.uasset" 9
"../../../StreetBrawler/Content/Character/Animations/PunchingMontage.uasset" 10
"../../../StreetBrawler/Content/Character/Animations/ThirdPersonJump_End.uasset" 11
"../../../StreetBrawler/Content/Character/Animations/ThirdPersonJump_Loop.uasset" 12
"../../../StreetBrawler/Content/Character/Animations/ThirdPersonJump_Start.uasset" 13
"../../../StreetBrawler/Content/Character/Animations/ThirdPersonIdle.uasset" 14
"../../../Engine/Content/EditorBlueprintResources/StandardMacros.uasset" 15
"../../../Engine/Content/EngineAnimNotifies/AnimNotify_PlayParticleEffect.uasset" 16
"../../../StreetBrawler/Content/MobileStarterContent/Textures/T_Burst_M.uasset" 17
"../../../StreetBrawler/Content/MobileStarterContent/Particles/Materials/M_Burst.uasset" 18
"../../../StreetBrawler/Content/MobileStarterContent/Textures/T_Explosion_SubUV.uasset" 19
"../../../StreetBrawler/Content/MobileStarterContent/Particles/Materials/M_explosion_subUV.uasset" 20
"../../../StreetBrawler/Content/MobileStarterContent/Particles/Materials/m_flare_01.uasset" 21
"../../../Engine/Content/Functions/Engine_MaterialFunctions01/Gradient/RadialGradient.uasset" 22
"../../../StreetBrawler/Content/MobileStarterContent/Particles/Materials/M_radial_ramp.uasset" 23
"../../../StreetBrawler/Content/MobileStarterContent/Textures/T_Smoke_SubUV.uasset" 24
"../../../StreetBrawler/Content/MobileStarterContent/Textures/T_Smoke_Tiled_D.uasset" 25
"../../../StreetBrawler/Content/MobileStarterContent/Particles/Materials/M_smoke_subUV.uasset" 26
"../../../StreetBrawler/Content/MobileStarterContent/Particles/P_Explosion.uasset" 27
"../../../StreetBrawler/Content/Character/Animations/ThirdPersonRun.uasset" 28
"../../../StreetBrawler/Content/Character/Animations/ThirdPersonWalk.uasset" 29
"../../../StreetBrawler/Content/Character/Animations/Idle_Walk_Run.uasset" 30
"../../../StreetBrawler/Content/Character/CharacterAnimBP.uasset" 31
"../../../StreetBrawler/Content/Character/CharacterBP.uasset" 32
"../../../Engine/Content/EngineSky/C_Sky_Cloud_Color.uasset" 33
"../../../Engine/Content/EngineSky/C_Sky_Horizon_Color.uasset" 34
"../../../Engine/Content/EngineSky/C_Sky_Zenith_Color.uasset" 35
"../../../Engine/Content/EngineSky/T_Sky_Blue.uasset" 36
"../../../Engine/Content/EngineSky/T_Sky_Clouds_M.uasset" 37
"../../../Engine/Content/EngineSky/T_Sky_Stars.uasset" 38
"../../../Engine/Content/EngineSky/SM_SkySphere.uasset" 39
"../../../Engine/Content/EngineSky/M_Sky_Panning_Clouds2.uasset" 40
"../../../Engine/Content/EngineSky/BP_Sky_Sphere.uasset" 41
"../../../StreetBrawler/Content/Character/MyGame.uasset" 42
"../../../Engine/Content/Functions/Engine_MaterialFunctions01/Opacity/CameraDepthFade.uasset" 43
"../../../Engine/Content/EngineMaterials/T_Default_Material_Grid_M.uasset" 44
"../../../Engine/Content/EngineMaterials/T_Default_Material_Grid_N.uasset" 45
"../../../Engine/Content/EngineMaterials/WorldGridMaterial.uasset" 46
"../../../StreetBrawler/Content/InfinityBladeGrassLands/Environments/Misc/Exo_Deco02/Textures/T_HardWood_Floor_D.uasset" 47
"../../../StreetBrawler/Content/InfinityBladeGrassLands/Environments/Misc/Exo_Deco02/Textures/T_HardWood_Floor_D_NRM.uasset" 48
"../../../StreetBrawler/Content/InfinityBladeGrassLands/Environments/Misc/Exo_Deco02/Materials/M_HardWood_Floor.uasset" 49
"../../../StreetBrawler/Content/MobileStarterContent/Textures/T_Brick_Clay_New_D.uasset" 50
"../../../StreetBrawler/Content/MobileStarterContent/Textures/T_Brick_Clay_New_M.uasset" 51
"../../../StreetBrawler/Content/MobileStarterContent/Textures/T_Brick_Clay_New_N.uasset" 52
"../../../StreetBrawler/Content/MobileStarterContent/Materials/M_Brick_Clay_New.uasset" 53
"../../../StreetBrawler/Content/InfinityBladeGrassLands/Environments/Breakables/Textures/T_Env_Breakables_Breakables_D.uasset" 54
"../../../StreetBrawler/Content/InfinityBladeGrassLands/Environments/Breakables/Textures/T_Env_Breakables_Breakables_N.uasset" 55
"../../../StreetBrawler/Content/InfinityBladeGrassLands/Environments/Breakables/Textures/T_Env_Breakables_Breakables_R.uasset" 56
"../../../StreetBrawler/Content/InfinityBladeGrassLands/Environments/Breakables/Textures/T_Env_Breakables_BreakablesSnow_M.uasset" 57
"../../../StreetBrawler/Content/InfinityBladeGrassLands/Environments/Breakables/Materials/M_Breakables_Barrels.uasset" 58
"../../../StreetBrawler/Content/InfinityBladeGrassLands/Environments/Breakables/StaticMesh/Box/SM_Env_Breakables_Box1.uasset" 59
"../../../StreetBrawler/Content/InfinityBladeGrassLands/Environments/Breakables/StaticMesh/Box/SM_Env_Breakables_Boxes.uasset" 60
"../../../StreetBrawler/Content/InfinityBladeGrassLands/Environments/Breakables/StaticMesh/Box/SM_Env_Breakables_BoxesBITS.uasset" 61
"../../../StreetBrawler/Content/InfinityBladeGrassLands/Environments/Misc/Exo_Deco01/Textures/T_Exo_Crate_Open_D.uasset" 62
"../../../StreetBrawler/Content/InfinityBladeGrassLands/Environments/Misc/Exo_Deco01/Textures/T_Exo_Crate_Open_N.uasset" 63
"../../../StreetBrawler/Content/InfinityBladeGrassLands/Environments/Misc/Exo_Deco01/Materials/M_Exo_Crate_Open.uasset" 64
"../../../StreetBrawler/Content/InfinityBladeGrassLands/Environments/Misc/Exo_Deco01/StaticMesh/SM_Exo_Crate_Open_Damaged.uasset" 65
"../../../StreetBrawler/Content/InfinityBladeGrassLands/Environments/Misc/Exo_Deco01/Textures/T_Exo_Hay_D.uasset" 66
"../../../StreetBrawler/Content/InfinityBladeGrassLands/Environments/Misc/Exo_Deco01/Textures/T_Exo_Hay_M.uasset" 67
"../../../StreetBrawler/Content/InfinityBladeGrassLands/Environments/Misc/Exo_Deco01/Textures/T_Exo_Hay_N.uasset" 68
"../../../StreetBrawler/Content/InfinityBladeGrassLands/Environments/Misc/Exo_Deco01/Materials/M_Exo_Hay.uasset" 69
"../../../StreetBrawler/Content/InfinityBladeGrassLands/Environments/Misc/Exo_Deco01/StaticMesh/SM_Exo_Hay.uasset" 70
"../../../StreetBrawler/Content/InfinityBladeGrassLands/Environments/Misc/Exo_Deco02/Textures/T_Decos_BSP_Stucco02_D.uasset" 71
"../../../StreetBrawler/Content/InfinityBladeGrassLands/Environments/Misc/Exo_Deco02/Textures/T_Decos_BSP_Stucco02_N.uasset" 72
"../../../StreetBrawler/Content/InfinityBladeGrassLands/Environments/Misc/Exo_Deco02/Materials/M_Decos_BSP_Stucco02.uasset" 73
"../../../StreetBrawler/Content/InfinityBladeGrassLands/Environments/Misc/Exo_Deco02/Textures/T_Decos_BSP_Stucco03_D.uasset" 74
"../../../StreetBrawler/Content/InfinityBladeGrassLands/Environments/Misc/Exo_Deco02/Materials/M_Decos_BSP_Stucco03.uasset" 75
"../../../StreetBrawler/Content/InfinityBladeGrassLands/Environments/Misc/Exo_Deco02/StaticMesh/SM_Exo_Stone01_Framed.uasset" 76
"../../../StreetBrawler/Content/InfinityBladeGrassLands/Environments/Misc/Exo_Deco02/StaticMesh/SM_Exo_Stone01_Group.uasset" 77
"../../../StreetBrawler/Content/MobileStarterContent/Materials/M_Basic_Floor.uasset" 78
"../../../StreetBrawler/Content/MobileStarterContent/Architecture/Floor_400x400.uasset" 79
"../../../StreetBrawler/Content/MobileStarterContent/Textures/T_Chair_M.uasset" 80
"../../../StreetBrawler/Content/MobileStarterContent/Textures/T_Chair_N.uasset" 81
"../../../StreetBrawler/Content/MobileStarterContent/Props/Materials/M_Chair.uasset" 82
"../../../StreetBrawler/Content/MobileStarterContent/Props/SM_Chair.uasset" 83
"../../../StreetBrawler/Content/MobileStarterContent/Textures/T_Statue_M.uasset" 84
"../../../StreetBrawler/Content/MobileStarterContent/Textures/T_Statue_N.uasset" 85
"../../../StreetBrawler/Content/MobileStarterContent/Props/Materials/M_Statue.uasset" 86
"../../../StreetBrawler/Content/MobileStarterContent/Props/Materials/M_StatueGlass.uasset" 87
"../../../StreetBrawler/Content/MobileStarterContent/Props/SM_Statue.uasset" 88
"../../../StreetBrawler/Content/MobileStarterContent/Textures/T_TableRound_M.uasset" 89
"../../../StreetBrawler/Content/MobileStarterContent/Textures/T_TableRound_N.uasset" 90
"../../../StreetBrawler/Content/MobileStarterContent/Props/Materials/M_TableRound.uasset" 91
"../../../StreetBrawler/Content/MobileStarterContent/Props/SM_TableRound.uasset" 92
"../../../StreetBrawler/Content/MobileStarterContent/Maps/Minimal_Default.umap" 93
"../../../Engine/Content/EngineFonts/Roboto.uasset" 94
"../../../Engine/Content/Functions/Engine_MaterialFunctions01/Shading/PowerToRoughness.uasset" 95
"../../../Engine/Content/EngineMaterials/DefaultDiffuse.uasset" 96
"../../../Engine/Content/EngineMaterials/DefaultDeferredDecalMaterial.uasset" 97
"../../../Engine/Content/EngineMaterials/DefaultLightFunctionMaterial.uasset" 98
"../../../Engine/Content/Functions/Engine_MaterialFunctions02/Utility/BreakOutFloat2Components.uasset" 99
"../../../Engine/Content/EngineMaterials/DefaultPostProcessMaterial.uasset" 100
"../../../Engine/Content/EngineResources/DefaultTexture.uasset" 101
"../../../Engine/Content/Functions/Engine_MaterialFunctions02/Texturing/ScreenAlignedUVs.uasset" 102
"../../../Engine/Content/EngineResources/WhiteSquareTexture.uasset" 103
"../../../Engine/Content/EngineMaterials/Widget3DPassThrough.uasset" 104
"../../../Engine/Content/EngineMaterials/Widget3DPassThrough_Translucent.uasset" 105
"../../../Engine/Content/EngineMaterials/Widget3DPassThrough_Translucent_OneSided.uasset" 106
"../../../Engine/Content/EngineMaterials/Widget3DPassThrough_Opaque.uasset" 107
"../../../Engine/Content/EngineMaterials/Widget3DPassThrough_Opaque_OneSided.uasset" 108
"../../../Engine/Content/EngineMaterials/Widget3DPassThrough_Masked.uasset" 109
"../../../Engine/Content/EngineMaterials/Widget3DPassThrough_Masked_OneSided.uasset" 110
"../../../Engine/Content/EditorResources/S_Actor.uasset" 111
"../../../Engine/Content/EditorResources/S_Emitter.uasset" 112
"../../../Engine/Content/EditorResources/Bad.uasset" 113
"../../../Engine/Content/EditorResources/Bkgnd.uasset" 114
"../../../Engine/Content/EditorResources/BkgndHi.uasset" 115
"../../../Engine/Content/EditorMeshes/EditorCube.uasset" 116
"../../../Engine/Content/EditorMeshes/EditorSphere.uasset" 117
"../../../Engine/Content/EditorMeshes/EditorPlane.uasset" 118
"../../../Engine/Content/EditorMeshes/EditorCylinder.uasset" 119
"../../../Engine/Content/Maps/Templates/Thumbnails/Default.uasset" 120
"../../../Engine/Content/EditorMaterials/Thumbnails/SkySphereMaterial.uasset" 121
"../../../Engine/Content/EditorMeshes/EditorSkySphere.uasset" 122
"../../../Engine/Content/EngineMaterials/Grid.uasset" 123
"../../../Engine/Content/EditorMaterials/Thumbnails/FloorPlaneMaterial.uasset" 124
"../../../Engine/Content/MapTemplates/Sky/DaylightAmbientCubemap.uasset" 125
"../../../Engine/Content/EditorMaterials/ParticleSystems/PSysThumbnail_NoImage.uasset" 126
"../../../Engine/Content/EditorMaterials/ParticleSystems/PSysThumbnail_OOD.uasset" 127
"../../../Engine/Content/EditorResources/S_DecalActorIcon.uasset" 128
"../../../Engine/Content/EditorLandscapeResources/LandscapeGizmo_Mat.uasset" 129
"../../../Engine/Content/EditorLandscapeResources/LandscapeGizmo_Mat_Copied.uasset" 130
"../../../Engine/Content/EditorLandscapeResources/LandscapeGizmoHeight_Mat.uasset" 131
"../../../Engine/Content/EditorLandscapeResources/DataLayer.uasset" 132
"../../../Engine/Content/EditorResources/S_Terrain.uasset" 133
"../../../Engine/Content/EditorLandscapeResources/SplineEditorMeshMat.uasset" 134
"../../../Engine/Content/EditorLandscapeResources/SplineEditorMesh.uasset" 135
"../../../Engine/Content/EditorResources/MatineeCam_D.uasset" 136
"../../../Engine/Content/EditorMaterials/MatineeCam_mat.uasset" 137
"../../../Engine/Content/EditorMeshes/MatineeCam_SM.uasset" 138
"../../../Engine/Content/Functions/Engine_MaterialFunctions02/Utility/Sign.uasset" 139
"../../../Engine/Content/Functions/Engine_MaterialFunctions02/Utility/Round.uasset" 140
"../../../Engine/Content/Functions/Engine_MaterialFunctions02/ExampleContent/Textures/flipbook.uasset" 141
"../../../Engine/Content/Functions/Engine_MaterialFunctions02/Texturing/FlipBook.uasset" 142
"../../../Engine/Content/EditorResources/T_EditorHelp.uasset" 143
"../../../Engine/Content/EditorMaterials/HelpActorMaterial.uasset" 144
"../../../Engine/Content/EditorResources/S_ExpoHeightFog.uasset" 145
"../../../Engine/Content/EditorResources/S_NavP.uasset" 146
"../../../Engine/Content/EditorResources/S_Player.uasset" 147
"../../../Engine/Content/EditorResources/LightIcons/SkyLight.uasset" 148
"../../../Engine/Content/EditorResources/S_WindDirectional.uasset" 149
"../../../Engine/Content/EngineDamageTypes/DmgTypeBP_Environmental.uasset" 150
"../../../Engine/Content/EditorResources/LightIcons/S_LightDirectional.uasset" 151
"../../../Engine/Content/EditorResources/LightIcons/S_LightDirectionalMove.uasset" 152
"../../../Engine/Content/EditorResources/LightIcons/S_LightPoint.uasset" 153
"../../../Engine/Content/EditorResources/LightIcons/S_LightPointMove.uasset" 154
"../../../Engine/Content/EditorResources/LightIcons/S_LightSpot.uasset" 155
"../../../Engine/Content/EditorResources/LightIcons/S_LightSpotMove.uasset" 156
"../../../Engine/Content/EditorResources/MatInstActSprite.uasset" 157
"../../../Engine/Content/EditorResources/SceneManager.uasset" 158
"../../../Engine/Content/EditorResources/AI/S_NavLink.uasset" 159
"../../../Engine/Content/EditorResources/S_Note.uasset" 160
"../../../Engine/Content/EngineMeshes/Sphere.uasset" 161
"../../../Engine/Content/EditorResources/S_ReflActorIcon.uasset" 162
"../../../Engine/Content/EditorResources/S_Thruster.uasset" 163
"../../../Engine/Content/EditorResources/S_RadForce.uasset" 164
"../../../Engine/Content/EditorMaterials/TargetIcon.uasset" 165
"../../../Engine/Content/EngineFonts/RobotoDistanceField.uasset" 166
"../../../Engine/Content/EngineMaterials/DefaultTextMaterialOpaque.uasset" 167
"../../../Engine/Content/EditorResources/S_TextRenderActorIcon.uasset" 168
"../../../Engine/Content/EditorResources/S_Trigger.uasset" 169
"../../../Engine/Content/EditorResources/S_VectorFieldVol.uasset" 170
"../../../Engine/Content/EngineResources/GradientTexture0.uasset" 171
"../../../Engine/Content/EngineResources/Black.uasset" 172
"../../../Engine/Content/EditorMaterials/MatineeGroups/MAT_Groups_Float.uasset" 173
"../../../Engine/Content/EditorMaterials/MatineeGroups/MAT_Groups_Director.uasset" 174
"../../../Engine/Content/EditorMaterials/MatineeGroups/MAT_Groups_Event.uasset" 175
"../../../Engine/Content/EditorMaterials/MatineeGroups/MAT_Groups_Anim.uasset" 176
"../../../Engine/Content/EditorMaterials/MatineeGroups/MAT_Groups_Fade.uasset" 177
"../../../Engine/Content/EditorMaterials/MatineeGroups/MAT_Groups_Move.uasset" 178
"../../../Engine/Content/EditorMaterials/MatineeGroups/MAT_Groups_Slomo.uasset" 179
"../../../Engine/Content/EditorMaterials/MatineeGroups/MAT_ColorTrack.uasset" 180
"../../../Engine/Content/EditorMaterials/MAT_Groups_Toggle.uasset" 181
"../../../Engine/Content/EditorMaterials/MatineeGroups/MAT_Groups_AudioMaster.uasset" 182
"../../../Engine/Content/EditorMaterials/MatineeGroups/MAT_Groups_Sound.uasset" 183
"../../../Engine/Content/EditorMaterials/MatineeGroups/MAT_Groups_Vector.uasset" 184
"../../../Engine/Content/EditorMaterials/MAT_Groups_Visibility.uasset" 185
"../../../Engine/Content/EngineResources/DefaultTextureCube.uasset" 186
"../../../Engine/Content/EngineMaterials/DefaultMaterial.uasset" 187
"../../../Engine/Content/EngineMeshes/Cylinder.uasset" 188
"../../../Engine/Content/EngineTireTypes/DefaultTireType.uasset" 189
"../../../Engine/Content/EditorResources/S_FTest.uasset" 190
"../../../Engine/Content/EngineResources/AICON-Red.uasset" 191
"../../../Engine/Content/EngineResources/AICON-Green.uasset" 192
"../../../Engine/Plugins/2D/Paper2D/Content/PlaceholderTextures/DummySpriteTexture.uasset" 193
"../../../Engine/Plugins/2D/Paper2D/Content/DefaultSpriteMaterial.uasset" 194
"../../../Engine/Plugins/2D/Paper2D/Content/MaskedUnlitSpriteMaterial.uasset" 195
"../../../Engine/Plugins/2D/Paper2D/Content/OpaqueUnlitSpriteMaterial.uasset" 196
"../../../Engine/Plugins/2D/Paper2D/Content/DummySprite.uasset" 197
"../../../Engine/Plugins/2D/Paper2D/Content/DefaultPaperTerrainMaterial.uasset" 198
"../../../Engine/Content/EditorSounds/Notifications/CompileSuccess.uasset" 199
"../../../Engine/Content/EditorSounds/Notifications/CompileStart_Cue.uasset" 200
"../../../Engine/Content/EditorSounds/Notifications/CompileSuccess_Cue.uasset" 201
"../../../Engine/Content/EditorSounds/Notifications/CompileFailed.uasset" 202
"../../../Engine/Content/EditorSounds/Notifications/CompileFailed_Cue.uasset" 203
"../../../Engine/Content/BufferVisualization/BaseColor.uasset" 204
"../../../Engine/Content/BufferVisualization/CustomDepth.uasset" 205
"../../../Engine/Content/Functions/Engine_MaterialFunctions02/Utility/MakeFloat2.uasset" 206
"../../../Engine/Content/Functions/Engine_MaterialFunctions02/Utility/MakeFloat3.uasset" 207
"../../../Engine/Content/EngineMaterials/MiniFont.uasset" 208
"../../../Engine/Content/BufferVisualization/CustomStencil.uasset" 209
"../../../Engine/Content/BufferVisualization/DecalMask.uasset" 210
"../../../Engine/Content/BufferVisualization/FinalImage.uasset" 211
"../../../Engine/Content/BufferVisualization/LightingModel.uasset" 212
"../../../Engine/Content/BufferVisualization/MaterialAO.uasset" 213
"../../../Engine/Content/BufferVisualization/Metallic.uasset" 214
"../../../Engine/Content/BufferVisualization/Opacity.uasset" 215
"../../../Engine/Content/BufferVisualization/Roughness.uasset" 216
"../../../Engine/Content/BufferVisualization/SceneColor.uasset" 217
"../../../Engine/Content/BufferVisualization/SceneDepth.uasset" 218
"../../../Engine/Content/BufferVisualization/SeparateTranslucencyRGB.uasset" 219
"../../../Engine/Content/BufferVisualization/SeparateTranslucencyA.uasset" 220
"../../../Engine/Content/BufferVisualization/Specular.uasset" 221
"../../../Engine/Content/BufferVisualization/SubsurfaceColor.uasset" 222
"../../../Engine/Content/BufferVisualization/WorldNormal.uasset" 223
"../../../Engine/Content/EngineMaterials/DefaultPhysicalMaterial.uasset" 224
"../../../Engine/Content/BufferVisualization/AmbientOcclusion.uasset" 225
"../../../Engine/Content/Functions/Engine_MaterialFunctions02/Utility/VectorLength.uasset" 226
"../../../Engine/Content/BufferVisualization/CustomDepthWorldUnits.uasset" 227
"../../../Engine/Content/BufferVisualization/SceneDepthWorldUnits.uasset" 228
"../../../Engine/Plugins/Runtime/LeapMotionController/Content/LM_CapsuleMesh.uasset" 229
"../../../Engine/Plugins/Runtime/LeapMotionController/Content/LM_TorusMesh.uasset" 230
"../../../Engine/Plugins/Runtime/LeapMotionController/Content/LM_HandColor.uasset" 231
"../../../Engine/Plugins/Runtime/LeapMotionController/Content/LM_SampleDistortion.uasset" 232
"../../../Engine/Plugins/Runtime/LeapMotionController/Content/LM_TestTexture.uasset" 233
"../../../Engine/Plugins/Runtime/LeapMotionController/Content/LM_PassthroughMaterial.uasset" 234
"../../../Engine/Content/BasicShapes/Cube.uasset" 235
"../../../Engine/Content/EngineMaterials/HighResolutionScreenshotMaskFunction.uasset" 236
"../../../Engine/Content/EngineMaterials/HighResScreenshot.uasset" 237
"../../../Engine/Content/EngineMaterials/HighResScreenshotMask.uasset" 238
"../../../Engine/Content/EngineMaterials/HighResScreenshotCaptureRegion.uasset" 239
"../../../Engine/Content/EngineDebugMaterials/WireframeMaterial.uasset" 240
"../../../Engine/Content/Functions/Engine_MaterialFunctions01/Shading/ConvertFromDiffSpec.uasset" 241
"../../../Engine/Content/EngineDebugMaterials/LevelColorationLitMaterial.uasset" 242
"../../../Engine/Content/EngineDebugMaterials/LevelColorationUnlitMaterial.uasset" 243
"../../../Engine/Content/EngineMaterials/DefaultWhiteGrid.uasset" 244
"../../../Engine/Content/EngineDebugMaterials/MAT_LevelColorationLitLightmapUV.uasset" 245
"../../../Engine/Content/EngineDebugMaterials/ShadedLevelColorationLitMaterial.uasset" 246
"../../../Engine/Content/EngineDebugMaterials/ShadedLevelColorationUnlitMateri.uasset" 247
"../../../Engine/Content/EngineDebugMaterials/VertexColorMaterial.uasset" 248
"../../../Engine/Content/EngineDebugMaterials/VertexColorViewMode_ColorOnly.uasset" 249
"../../../Engine/Content/EngineDebugMaterials/VertexColorViewMode_AlphaAsColor.uasset" 250
"../../../Engine/Content/EngineDebugMaterials/VertexColorViewMode_RedOnly.uasset" 251
"../../../Engine/Content/EngineDebugMaterials/VertexColorViewMode_GreenOnly.uasset" 252
"../../../Engine/Content/EngineDebugMaterials/VertexColorViewMode_BlueOnly.uasset" 253
"../../../Engine/Content/EngineMaterials/RemoveSurfaceMaterial.uasset" 254
"../../../Engine/Content/EngineDebugMaterials/DebugMeshMaterial.uasset" 255
"../../../Engine/Content/EngineMaterials/InvalidLightmapSettings.uasset" 256
"../../../Engine/Content/EngineMaterials/M_InvalidLightmapSettings.uasset" 257
"../../../Engine/Content/EditorMaterials/GizmoMaterial.uasset" 258
"../../../Engine/Content/EngineDebugMaterials/GeomMaterial.uasset" 259
"../../../Engine/Content/EngineMaterials/EditorBrushMaterial.uasset" 260
"../../../Engine/Content/EngineDebugMaterials/HeatmapGradient.uasset" 261
"../../../Engine/Content/EngineDebugMaterials/BoneWeightMaterial.uasset" 262
"../../../Engine/Content/EditorMaterials/PreviewShadowIndicator.uasset" 263
"../../../Engine/Content/EditorMaterials/PreviewShadowIndicatorMaterial.uasset" 264
"../../../Engine/Content/EditorMaterials/PhAT_JointLimitMaterial.uasset" 265
"../../../Engine/Content/EditorResources/BSPVertex.uasset" 266
"../../../Engine/Content/EngineMaterials/Good64x64TilingNoiseHighFreq.uasset" 267
"../../../Engine/Content/EngineMaterials/DefaultBokeh.uasset" 268
"../../../Engine/Content/EngineMaterials/PreintegratedSkinBRDF.uasset" 269
"../../../Engine/Content/EngineMaterials/WeightMapPlaceholderTexture.uasset" 270
"../../../Engine/Content/EngineFonts/RobotoTiny.uasset" 271
"../../../Engine/Content/Tutorial/Basics/LevelEditorAttract.uasset" 272
"../../../Engine/Content/Tutorial/Basics/TutorialAssets/icon_tab_Levels_40x.uasset" 273
"../../../Engine/Content/Tutorial/Basics/LevelEditorOverview.uasset" 274
"../../../Engine/Content/Tutorial/Landscape/TutorialAssets/Landscape.uasset" 275
"../../../Engine/Content/Tutorial/Landscape/Landscape_Sculpt_Mode.uasset" 276
"../../../Engine/Content/Tutorial/Landscape/Landscape_Manage_Mode.uasset" 277
"../../../Engine/Content/Tutorial/Landscape/LandscapeWalkThrough.uasset" 278
"../../../Engine/Content/Tutorial/ContentIntroCurve.uasset" 279
"../../../Engine/Content/EditorMaterials/Cross.uasset" 280
"../../../Engine/Content/EditorMaterials/Cross_Mat.uasset" 281
"../../../Engine/Content/EditorMaterials/PhAT_BoneSelectedMaterial.uasset" 282
"../../../Engine/Content/EditorMaterials/PhAT_ElemSelectedMaterial.uasset" 283
"../../../Engine/Content/EditorMaterials/PhAT_NoCollisionMaterial.uasset" 284
"../../../Engine/Content/EditorMaterials/PhAT_UnselectedMaterial.uasset" 285
"../../../Engine/Content/EditorMaterials/Tick.uasset" 286
"../../../Engine/Content/EditorMaterials/Tick_Mat.uasset" 287
"../../../Engine/Content/EditorMaterials/WidgetGridVertexColorMaterial.uasset" 288
"../../../Engine/Content/EditorMaterials/WidgetGridVertexColorMaterial_Ma.uasset" 289
"../../../Engine/Content/EditorMaterials/WidgetMaterial.uasset" 290
"../../../Engine/Content/EditorMaterials/WidgetMaterial_Current.uasset" 291
"../../../Engine/Content/EditorMaterials/WidgetMaterial_X.uasset" 292
"../../../Engine/Content/EditorMaterials/WidgetMaterial_Y.uasset" 293
"../../../Engine/Content/EditorMaterials/WidgetMaterial_Z.uasset" 294
"../../../Engine/Content/EditorMaterials/WidgetVertexColorMaterial.uasset" 295
"../../../Engine/Content/EditorMaterials/CompositeARGBLayer.uasset" 296
"../../../Engine/Content/EditorMaterials/TilingAALineIntegral.uasset" 297
"../../../Engine/Content/EditorMaterials/TilingAALineBoxFiltered.uasset" 298
"../../../Engine/Content/Functions/Engine_MaterialFunctions03/Procedurals/ComputeFilterWidth.uasset" 299
"../../../Engine/Content/EditorMaterials/TilingAADots.uasset" 300
"../../../Engine/Content/EditorMaterials/Cascade/CASC_Cross.uasset" 301
"../../../Engine/Content/EditorMaterials/Cascade/CASC_None.uasset" 302
"../../../Engine/Content/Functions/Engine_MaterialFunctions03/Blends/Blend_Screen.uasset" 303
"../../../Engine/Content/EditorMaterials/TilingAAGrid.uasset" 304
"../../../Engine/Content/EditorMaterials/LevelGridMaterial.uasset" 305
"../../../Engine/Content/EditorResources/SmallFont.uasset" 306
"../../../Engine/Content/EditorResources/S_KBSJoint.uasset" 307
"../../../Engine/Content/EditorResources/S_KHinge.uasset" 308
"../../../Engine/Content/EditorResources/S_KPrismatic.uasset" 309
"../../../Engine/Content/EditorResources/LightIcons/S_LightError.uasset" 310
"../../../Engine/Content/EditorResources/Spline/T_Loft_Spline.uasset" 311
"../../../Engine/Content/EngineMaterials/BlinkingCaret.uasset" 312
"../../../Engine/Content/EngineMaterials/DefaultNormal.uasset" 313
"../../../Engine/Content/EngineMaterials/Grid_N.uasset" 314
"../../../Engine/Content/EngineMaterials/LandscapeHolePhysicalMaterial.uasset" 315
"../../../Engine/Content/EngineMaterials/PaperDiffuse.uasset" 316
"../../../Engine/Content/EngineMaterials/PaperNormal.uasset" 317
"../../../Engine/Content/EngineMaterials/PhysMat_Rubber.uasset" 318
"../../../Engine/Content/EngineFonts/SmallFont.uasset" 319
"../../../Engine/Content/EngineFonts/TinyFont.uasset" 320
"../../../Engine/Content/EngineResources/StreamingPauseIcon.uasset" 321
"../../../Engine/Content/EngineResources/M_StreamingPause.uasset" 322
"../../../Engine/Content/EditorLandscapeResources/DefaultAlphaTexture.uasset" 323
"../../../Engine/Content/MobileResources/HUD/MobileHUDButton3.uasset" 324
"../../../Engine/Content/MobileResources/HUD/MobileHUDButton1_off.uasset" 325
"../../../Engine/Content/MobileResources/HUD/MobileHUDDirectionPad3.uasset" 326
"../../../Engine/Content/MobileResources/T_MobileMenu2.uasset" 327
"../../../Engine/Content/MobileResources/HUD/MobileHUDButton2_off.uasset" 328
"../../../Engine/Content/MobileResources/HUD/MobileHUDDirectionPad.uasset" 329
"../../../Engine/Content/MobileResources/HUD/T_Castle_ThumbstickInner.uasset" 330
"../../../Engine/Content/MobileResources/T_MobileControls_texture.uasset" 331
"../../../Engine/Content/MobileResources/HUD/AnalogHat.uasset" 332
"../../../Engine/Content/MobileResources/HUD/VirtualJoystick_Background.uasset" 333
"../../../Engine/Content/MobileResources/HUD/VirtualJoystick_Thumb.uasset" 334
"../../../Engine/Content/MobileResources/HUD/DefaultVirtualJoysticks.uasset" 335
"../../../StreetBrawler/Content/Character/IMG_20141207_140037.uasset" 336
"../../../StreetBrawler/Content/Character/IMG_20141207_140037_Mat.uasset" 337
"../../../StreetBrawler/Content/Character/Screenshot_2014-11-07-18-57-22.uasset" 338
"../../../StreetBrawler/Content/Character/Screenshot_2014-11-07-18-57-22_Mat.uasset" 339
"../../../Engine/Content/BasicShapes/Sphere.uasset" 340
"../../../Engine/Content/MobileResources/HUD/LeftVirtualJoystickOnly.uasset" 341
"../../../Engine/Content/MobileResources/HUD/MobileHUDButton1_on.uasset" 342
"../../../Engine/Content/MobileResources/HUD/MobileHUDButton2_on.uasset" 343
"../../../Engine/Content/MobileResources/HUD/MobileHUDButtonFire.uasset" 344
"../../../Engine/Content/MobileResources/HUD/MobileHUDDirectionPad2.uasset" 345
"../../../Engine/Content/MobileResources/HUD/MobileHUDDirectionStick.uasset" 346
"../../../Engine/Content/EditorResources/EmptyActor.uasset" 347
"../../../Engine/Content/EditorResources/AudioIcons/S_AudioComponent_AutoActivate.uasset" 348
"../../../Engine/Content/MobileResources/HUD/T_Castle_ThumbstickOutter.uasset" 349
"../../../Engine/Content/BasicShapes/Cylinder.uasset" 350
"../../../Engine/Content/BasicShapes/Cone.uasset" 351
"../../../Engine/Content/EditorMaterials/MakeCompositeARGBLayer.uasset" 352
"../../../Engine/Content/EditorResources/LevelGrid1DStripes.uasset" 353
"../../../Engine/Content/EditorMaterials/TextureGridCascaded1D.uasset" 354
"../../../Engine/Content/EditorMaterials/TextureGridCascaded2D.uasset" 355
"../../../Engine/Content/EditorMaterials/LevelGridMaterial2.uasset" 356
