[2015.11.10-02.13.01:077][  0]Log file open, 11/09/15 21:13:01
[2015.11.10-02.13.01:077][  0]LogInit:Display: Running engine for game: StreetBrawlerMenu
[2015.11.10-02.13.01:077][  0]LogInit:Display: RandInit(412296279) SRandInit(412296280).
[2015.11.10-02.13.01:077][  0]LogTaskGraph: Started task graph with 4 named threads and 7 total threads.
[2015.11.10-02.13.01:077][  0]LogStats: Stats thread started at 0.069520
[2015.11.10-02.13.01:077][  0]LogInit: Version: 4.9.2-2707645+++depot+UE4-Releases+4.9
[2015.11.10-02.13.01:077][  0]LogInit: API Version: 2672455
[2015.11.10-02.13.01:077][  0]LogInit: Compiled (64-bit): Sep 28 2015 10:25:44
[2015.11.10-02.13.01:077][  0]LogInit: Compiled with Visual C++: 18.00.21005.01
[2015.11.10-02.13.01:077][  0]LogInit: Build Configuration: Development
[2015.11.10-02.13.01:077][  0]LogInit: Branch Name: ++depot+UE4-Releases+4.9
[2015.11.10-02.13.01:077][  0]LogInit: Command line:  
[2015.11.10-02.13.01:077][  0]LogInit: Base directory: C:/Program Files/Epic Games/4.9/Engine/Binaries/Win64/
[2015.11.10-02.13.01:077][  0]LogInit: Rocket: 1
[2015.11.10-02.13.01:083][  0]LogInit: Using libcurl 7.41.0
[2015.11.10-02.13.01:083][  0]LogInit:  - built for x86_64-pc-win32
[2015.11.10-02.13.01:083][  0]LogInit:  - supports SSL with WinSSL
[2015.11.10-02.13.01:083][  0]LogInit:  - other features:
[2015.11.10-02.13.01:083][  0]LogInit:      CURL_VERSION_SSL
[2015.11.10-02.13.01:083][  0]LogInit:      CURL_VERSION_IPV6
[2015.11.10-02.13.01:083][  0]LogInit:      CURL_VERSION_ASYNCHDNS
[2015.11.10-02.13.01:083][  0]LogInit:      CURL_VERSION_LARGEFILE
[2015.11.10-02.13.01:083][  0]LogInit:      CURL_VERSION_IDN
[2015.11.10-02.13.01:083][  0]LogInit:  CurlRequestOptions (configurable via config and command line):
[2015.11.10-02.13.01:083][  0]LogInit:  - bVerifyPeer = true  - Libcurl will verify peer certificate
[2015.11.10-02.13.01:083][  0]LogInit:  - bUseHttpProxy = false  - Libcurl will NOT use HTTP proxy
[2015.11.10-02.13.01:083][  0]LogInit:  - bDontReuseConnections = false  - Libcurl will reuse connections
[2015.11.10-02.13.01:083][  0]LogInit:  - CertBundlePath = nullptr  - Libcurl will use whatever was configured at build time.
[2015.11.10-02.13.01:090][  0]LogInit: Presizing for 0 objects not considered by GC, pre-allocating 0 bytes.
[2015.11.10-02.13.01:095][  0]LogInit: Object subsystem initialized
[2015.11.10-02.13.01:097][  0]LogInit: Selected Device Profile: [Windows]
[2015.11.10-02.13.01:097][  0]LogInit: Applying CVar settings loaded from the selected device profile: [Windows]
[2015.11.10-02.13.01:103][  0]LogInit: Computer: BALDY19-3
[2015.11.10-02.13.01:103][  0]LogInit: User: Baldy19
[2015.11.10-02.13.01:103][  0]LogInit: CPU Page size=4096, Cores=4
[2015.11.10-02.13.01:103][  0]LogInit: High frequency timer resolution =3.906266 MHz
[2015.11.10-02.13.01:104][  0]LogMemory: Memory total: Physical=15.9GB (16GB approx)
[2015.11.10-02.13.01:104][  0]LogMemory: Platform Memory Stats for Windows
[2015.11.10-02.13.01:104][  0]LogMemory: Process Physical Memory: 53.99 MB used, 53.99 MB peak
[2015.11.10-02.13.01:104][  0]LogMemory: Process Virtual Memory: 57.28 MB used, 57.28 MB peak
[2015.11.10-02.13.01:104][  0]LogMemory: Physical Memory: 2550.10 MB used, 16332.61 MB total
[2015.11.10-02.13.01:104][  0]LogMemory: Virtual Memory: 366.59 MB used, 134217728.00 MB total
[2015.11.10-02.13.01:131][  0]LogTextLocalizationManager: No specific translations for ('en-US') exist, so ('en') translations will be used.
[2015.11.10-02.13.01:674][  0]LogD3D11RHI: Found D3D11 adapter 0: NVIDIA GeForce GTX 980 Ti (Feature Level 11_0)
[2015.11.10-02.13.01:674][  0]LogD3D11RHI: Adapter has 6048MB of dedicated video memory, 0MB of dedicated system memory, and 8166MB of shared system memory, 2 output[s]
[2015.11.10-02.13.01:675][  0]LogD3D11RHI: Found D3D11 adapter 1: Microsoft Basic Render Driver (Feature Level 11_0)
[2015.11.10-02.13.01:675][  0]LogD3D11RHI: Adapter has 0MB of dedicated video memory, 0MB of dedicated system memory, and 8166MB of shared system memory, 0 output[s]
[2015.11.10-02.13.01:676][  0]LogD3D11RHI: Chosen D3D11 Adapter Id = 0
[2015.11.10-02.13.01:678][  0]LogD3D11RHI: !Direct3DDevice
[2015.11.10-02.13.01:678][  0]LogRHI: Texture pool is 1361 MB (70% of 1945 MB)
[2015.11.10-02.13.01:691][  0]LogD3D11RHI: Async texture creation enabled
[2015.11.10-02.13.01:706][  0]LogShaderCompilers: Guid format shader working directory is 15 characters bigger than the processId version (../../../../../../Users/Baldy19/Documents/Unreal Projects/StreetBrawlerMenu/Intermediate/Shaders/WorkingDirectory/4376/).
[2015.11.10-02.13.01:706][  0]LogShaderCompilers: Cleaned the shader compiler working directory '../../../../../../Users/Baldy19/Documents/Unreal Projects/StreetBrawlerMenu/Intermediate/Shaders/tmp/55C3E64147F0CB000E9283B8EF056E20/'.
[2015.11.10-02.13.01:706][  0]LogShaderCompilers:Display: Using Local Shader Compiler.
[2015.11.10-02.13.02:450][  0]LogTemp:Display: Loaded TP AllDesktopTargetPlatform
[2015.11.10-02.13.02:454][  0]LogTemp:Display: Loaded TP WindowsClientTargetPlatform
[2015.11.10-02.13.02:458][  0]LogTemp:Display: Loaded TP WindowsNoEditorTargetPlatform
[2015.11.10-02.13.02:462][  0]LogTemp:Display: Loaded TP WindowsServerTargetPlatform
[2015.11.10-02.13.02:466][  0]LogTemp:Display: Loaded TP WindowsTargetPlatform
[2015.11.10-02.13.02:468][  0]LogTemp:Display: Loaded TP AndroidTargetPlatform
[2015.11.10-02.13.02:471][  0]LogTemp:Display: Loaded TP Android_ASTCTargetPlatform
[2015.11.10-02.13.02:475][  0]LogTemp:Display: Loaded TP Android_ATCTargetPlatform
[2015.11.10-02.13.02:479][  0]LogTemp:Display: Loaded TP Android_DXTTargetPlatform
[2015.11.10-02.13.02:483][  0]LogTemp:Display: Loaded TP Android_ETC1TargetPlatform
[2015.11.10-02.13.02:485][  0]LogTemp:Display: Loaded TP Android_ETC2TargetPlatform
[2015.11.10-02.13.02:488][  0]LogTemp:Display: Loaded TP Android_PVRTCTargetPlatform
[2015.11.10-02.13.02:488][  0]LogTemp:Display: Loaded TP HTML5TargetPlatform
[2015.11.10-02.13.02:504][  0]LogTemp:Display: Loaded TP IOSTargetPlatform
[2015.11.10-02.13.02:506][  0]LogTemp:Display: Loaded TP LinuxNoEditorTargetPlatform
[2015.11.10-02.13.02:509][  0]LogTemp:Display: Loaded TP LinuxServerTargetPlatform
[2015.11.10-02.13.02:511][  0]LogTemp:Display: Loaded TP LinuxTargetPlatform
[2015.11.10-02.13.02:511][  0]LogTargetPlatformManager:Display: Building Assets For Windows
[2015.11.10-02.13.02:574][  0]LogDerivedDataCache:Display: Max Cache Size: 512 MB
[2015.11.10-02.13.02:610][  0]LogDerivedDataCache: Loaded boot cache 0.04s 41MB C:/Users/Baldy19/AppData/Local/UnrealEngine/4.9/DerivedDataCache/Boot.ddc.
[2015.11.10-02.13.02:610][  0]LogDerivedDataCache:Display: Loaded Boot cache: C:/Users/Baldy19/AppData/Local/UnrealEngine/4.9/DerivedDataCache/Boot.ddc
[2015.11.10-02.13.02:610][  0]LogDerivedDataCache: FDerivedDataBackendGraph:  Pak pak cache file ../../../../../../Users/Baldy19/Documents/Unreal Projects/StreetBrawlerMenu/DerivedDataCache/DDC.ddp not found, will not use a pak cache.
[2015.11.10-02.13.02:610][  0]LogDerivedDataCache: Unable to find inner node Pak for hierarchical cache Hierarchy.
[2015.11.10-02.13.02:610][  0]LogDerivedDataCache: FDerivedDataBackendGraph:  CompressedPak pak cache file ../../../../../../Users/Baldy19/Documents/Unreal Projects/StreetBrawlerMenu/DerivedDataCache/Compressed.ddp not found, will not use a pak cache.
[2015.11.10-02.13.02:610][  0]LogDerivedDataCache: Unable to find inner node CompressedPak for hierarchical cache Hierarchy.
[2015.11.10-02.13.02:715][  0]LogDerivedDataCache:Display: Pak cache opened for reading ../../../Engine/DerivedDataCache/Compressed.ddp.
[2015.11.10-02.13.02:726][  0]LogDerivedDataCache: Using Local data cache path C:/Users/Baldy19/AppData/Local/UnrealEngine/Common/DerivedDataCache: Writable
[2015.11.10-02.13.02:848][  0]LogInit: Selected Device Profile: [Windows]
[2015.11.10-02.13.02:849][  0]LogContentStreaming: Texture pool size is 0.000000MB
[2015.11.10-02.13.02:938][  0]LogMeshUtilities: No automatic mesh reduction module available
[2015.11.10-02.13.02:938][  0]LogMeshUtilities: No automatic mesh merging module available
[2015.11.10-02.13.03:112][  0]LogInit: WinSock: version 1.1 (2.2), MaxSocks=32767, MaxUdp=65467
[2015.11.10-02.13.03:620][  0]UdpMessaging: Initializing bridge on interface 0.0.0.0:0 to multicast group 230.0.0.1:6666.
[2015.11.10-02.13.03:740][  0]LogAssetRegistry: FAssetRegistry took 0.0112 seconds to start up
[2015.11.10-02.13.03:858][  0]SourceControl: Info Source control is disabled
[2015.11.10-02.13.03:858][  0]SourceControl: Info Source control is disabled
[2015.11.10-02.13.03:867][  0]SourceControl: Info Source control is disabled
[2015.11.10-02.13.03:874][  0]SourceControl: Info Source control is disabled
[2015.11.10-02.13.03:968][  0]LogLinker:Warning: Asset '../../../Engine/Plugins/Runtime/LeapMotionController/Content/LM_PassthroughMaterial.uasset' has been saved with empty engine version. The asset will be loaded but may be incompatible.
[2015.11.10-02.13.04:021][  0]LogObj: 28361 objects as part of root set at end of initial load.
[2015.11.10-02.13.04:021][  0]LogUObjectAllocator: 6038872 out of 0 bytes used by permanent object pool.
[2015.11.10-02.13.04:065][  0]LogEngine: Initializing Engine...
[2015.11.10-02.13.04:066][  0]OCULUS: Info: 11/10/15 02:13:04: [CAPI] LibOVR module is located at C:\Windows\SYSTEM32\LibOVRRT64_0_7.dll

[2015.11.10-02.13.04:169][  0]LogHMD: Oculus plugin initialized. Version: 4.9.2-2707645+++depot+UE4-Releases+4.9, LibOVR: 0.7.0.0, built Sep 28 2015, 10:27:52
[2015.11.10-02.13.04:285][  0]LogAIModule: Creating AISystem for world NewWorld
[2015.11.10-02.13.04:286][  0]LogInit: No audio devices found!
[2015.11.10-02.13.04:304][  0]LogDerivedDataCache: Saved boot cache 0.02s 41MB C:/Users/Baldy19/AppData/Local/UnrealEngine/4.9/DerivedDataCache/Boot.ddc.
[2015.11.10-02.13.04:309][  0]LogInit: Texture streaming: Enabled
[2015.11.10-02.13.04:313][  0]LogAnalytics: Creating configured Analytics provider AnalyticsET
[2015.11.10-02.13.04:313][  0]LogAnalytics: [UEEditor.Rocket.Release] APIServer = http://et2.epicgames.com/ET2/. AppVersion = 4.9.2-2707645+++depot+UE4-Releases+4.9
[2015.11.10-02.13.04:313][  0]LogAnalytics: [UEEditor.Rocket.Release] SetUserId 55d437d94a5942be1acffb8112372e95|2b1de111f1b44034812dddcdc6d631fc|a628d361-5b01-4ca0-ac7a-e5c716223cca
[2015.11.10-02.13.04:313][  0]LogAnalytics: [UEEditor.Rocket.Release] AnalyticsET::StartSession
[2015.11.10-02.13.04:335][  0]LogInit: Transaction tracking system initialized
[2015.11.10-02.13.04:357][  0]BlueprintLog: New page: Editor Load
[2015.11.10-02.13.04:636][  0]LocalizationService: Info Localization service is disabled
[2015.11.10-02.13.04:694][  0]LogConsoleResponse:Display: 
[2015.11.10-02.13.04:792][  0]LogCook:Display: Done creating registry. It took  0.00s.
[2015.11.10-02.13.04:831][  0]LogFileCache: Scanning file cache for directory 'C:/Users/Baldy19/Documents/Unreal Projects/StreetBrawlerMenu/Content/' took 0.01s
[2015.11.10-02.13.04:835][  0]SourceControl: Info Source control is disabled
[2015.11.10-02.13.04:836][  0]Cmd: MAP LOAD FILE="../../../../../../Users/Baldy19/Documents/Unreal Projects/StreetBrawlerMenu/Content/StarterContent/Maps/Minimal_Default.umap" TEMPLATE=0 SHOWPROGRESS=1 FEATURELEVEL=3
[2015.11.10-02.13.04:836][  0]LightingResults: New page: Lighting Build
[2015.11.10-02.13.04:838][  0]MapCheck: New page: Map Check
[2015.11.10-02.13.04:838][  0]LightingResults: New page: Lighting Build
[2015.11.10-02.13.04:847][  0]LogParticles: Destroying 0 GPU particle simulations for FXSystem 0x00000031F1F063E0
[2015.11.10-02.13.05:164][  0]LogAIModule: Creating AISystem for world Minimal_Default
[2015.11.10-02.13.05:168][  0]LogEditorServer: Finished looking for orphan Actors (0.000 secs)
[2015.11.10-02.13.05:169][  0]Cmd: MAP CHECKDEP NOCLEARLOG
[2015.11.10-02.13.05:201][  0]MapCheck: Info Map check complete: 0 Error(s), 0 Warning(s), took 32.347ms to complete.
[2015.11.10-02.13.05:201][  0]LogFileHelpers: Loading map 'Minimal_Default' took 0.366
[2015.11.10-02.13.05:297][  0]LogCollectionManager: Loaded 0 collections in 0.003205 seconds
[2015.11.10-02.13.05:336][  0]LogFileCache: Scanning file cache for directory 'C:/Users/Baldy19/Documents/Unreal Projects/StreetBrawlerMenu/Saved/Collections/' took 0.01s
[2015.11.10-02.13.05:336][  0]LogFileCache: Scanning file cache for directory 'C:/Users/Baldy19/Documents/Unreal Projects/StreetBrawlerMenu/Content/Developers/Baldy19/Collections/' took 0.01s
[2015.11.10-02.13.05:336][  0]LogFileCache: Scanning file cache for directory 'C:/Users/Baldy19/Documents/Unreal Projects/StreetBrawlerMenu/Content/Collections/' took 0.01s
[2015.11.10-02.13.05:336][  0]LogContentBrowser: Native class hierarchy populated in 0.0052 seconds. Added 1867 classes and 333 folders.
[2015.11.10-02.13.05:344][  0]LogCollectionManager: Rebuilt the GUID cache for 0 collections in 0.000002 seconds
[2015.11.10-02.13.05:348][  0]LogContentBrowser: Native class hierarchy updated for 'WidgetCarousel' in 0.0002 seconds. Added 0 classes and 0 folders.
[2015.11.10-02.13.05:375][  0]LogContentBrowser: Native class hierarchy updated for 'AddContentDialog' in 0.0002 seconds. Added 0 classes and 0 folders.
[2015.11.10-02.13.05:378][  0]LogContentBrowser: Native class hierarchy updated for 'SceneOutliner' in 0.0002 seconds. Added 1 classes and 2 folders.
[2015.11.10-02.13.05:424][  0]LogCrashTracker: Crashtracker disabled due to settings.
[2015.11.10-02.13.05:427][  0]LogUObjectGlobals:Warning: Failed to find object 'Class None.'
[2015.11.10-02.13.05:450][  0]LogLoad: Full Startup: 4.81 seconds (BP compile: 0.05 seconds)
[2015.11.10-02.13.05:500][  0]LogContentStreaming: Texture pool size now 1000 MB
[2015.11.10-02.13.05:613][  0]LogRenderer: Reallocating scene render targets to support 1208x496 (Frame:2).
[2015.11.10-02.13.05:727][  3]LogAssetRegistry: Asset discovery search completed in 1.9982 seconds
[2015.11.10-02.13.05:727][  3]LogCollectionManager: Rebuilt the object cache for 0 collections in 0.000001 seconds (found 0 objects)
[2015.11.10-02.13.05:727][  3]LogCollectionManager: Fixed up redirectors for 0 collections in 0.000016 seconds (updated 0 objects)
[2015.11.10-02.13.09:389][434]LogBlueprintUserMessages: Early PlayInEditor Detection: Level '/Game/StarterContent/Maps/Minimal_Default.Minimal_Default:PersistentLevel' has LevelScriptBlueprint '/Game/StarterContent/Maps/Minimal_Default.Minimal_Default:PersistentLevel.Minimal_Default' with GeneratedClass '/Game/StarterContent/Maps/Minimal_Default.Minimal_Default_C' with ClassGeneratedBy '/Game/StarterContent/Maps/Minimal_Default.Minimal_Default:PersistentLevel.Minimal_Default'
[2015.11.10-02.13.09:389][434]LogPlayLevel: PlayLevel: No blueprints needed recompiling
[2015.11.10-02.13.09:390][434]LogHMD:Warning: HMD Oculus Rift DK2, res = 1920 x 1080
[2015.11.10-02.13.09:391][434]PIE: New page: PIE session: Minimal_Default (Nov 9, 2015, 4:13:09 PM)
[2015.11.10-02.13.09:391][434]LogPlayLevel: Creating play world package: /Game/StarterContent/Maps/UEDPIE_0_Minimal_Default
[2015.11.10-02.13.09:397][434]LogPlayLevel: PIE: StaticDuplicateObject took: (0.006700s)
[2015.11.10-02.13.09:398][434]LogAIModule: Creating AISystem for world Minimal_Default
[2015.11.10-02.13.09:398][434]LogPlayLevel: PIE: World Init took: (0.000623s)
[2015.11.10-02.13.09:398][434]LogPlayLevel: PIE: Created PIE world by copying editor world from /Game/StarterContent/Maps/Minimal_Default.Minimal_Default to /Game/StarterContent/Maps/UEDPIE_0_Minimal_Default.Minimal_Default (0.007481s)
[2015.11.10-02.13.09:454][434]LogWorld: Game class is 'GameMode'
[2015.11.10-02.13.09:457][434]LogWorld: Bringing World /Game/StarterContent/Maps/UEDPIE_0_Minimal_Default.Minimal_Default up for play (max tick rate 0) at 2015.11.09-21.13.09
[2015.11.10-02.13.09:457][434]LogActor:Warning: GameSession /Game/StarterContent/Maps/UEDPIE_0_Minimal_Default.Minimal_Default:PersistentLevel.GameSession_0 has natively added scene component(s), but none of them were set as the actor's RootComponent - picking one arbitrarily
[2015.11.10-02.13.09:457][434]LogActor:Warning: GameNetworkManager /Game/StarterContent/Maps/UEDPIE_0_Minimal_Default.Minimal_Default:PersistentLevel.GameNetworkManager_0 has natively added scene component(s), but none of them were set as the actor's RootComponent - picking one arbitrarily
[2015.11.10-02.13.09:458][434]LogWorld: Bringing up level for play took: 0.002705
[2015.11.10-02.13.09:460][434]PIE: Info Play in editor start time for /Game/StarterContent/Maps/UEDPIE_0_Minimal_Default -0.323
[2015.11.10-02.13.09:460][434]LogBlueprintUserMessages: Late PlayInEditor Detection: Level '/Game/StarterContent/Maps/Minimal_Default.Minimal_Default:PersistentLevel' has LevelScriptBlueprint '/Game/StarterContent/Maps/Minimal_Default.Minimal_Default:PersistentLevel.Minimal_Default' with GeneratedClass '/Game/StarterContent/Maps/Minimal_Default.Minimal_Default_C' with ClassGeneratedBy '/Game/StarterContent/Maps/Minimal_Default.Minimal_Default:PersistentLevel.Minimal_Default'
[2015.11.10-02.13.13:167][875]Cmd: r.setRes 1920x1080
[2015.11.10-02.13.13:167][875]r.SetRes = "1920x1080"
[2015.11.10-02.13.13:892][962]Cmd: r.setRes 1280x720
[2015.11.10-02.13.13:892][962]r.SetRes = "1280x720"
[2015.11.10-02.13.14:384][ 21]Cmd: r.setRes 640x480
[2015.11.10-02.13.14:384][ 21]r.SetRes = "640x480"
[2015.11.10-02.13.15:639][167]LogPackageName: SearchForPackageOnDisk took   0.038s to resolve Main.umap.
[2015.11.10-02.13.15:676][167]LogPackageName: SearchForPackageOnDisk took   0.037s to resolve Main.umap.
[2015.11.10-02.13.15:676][167]LogNet: Browse: /Game/StreetBrawlerMenu/Main
[2015.11.10-02.13.15:676][167]LogLoad: LoadMap: /Game/StreetBrawlerMenu/Main
[2015.11.10-02.13.15:685][167]LogParticles: Destroying 0 GPU particle simulations for FXSystem 0x00000031FF41A160
[2015.11.10-02.13.15:686][167]Cmd: MEM
[2015.11.10-02.13.15:695][167]LogMemory: Platform Memory Stats for Windows
[2015.11.10-02.13.15:695][167]LogMemory: Process Physical Memory: 658.59 MB used, 701.57 MB peak
[2015.11.10-02.13.15:695][167]LogMemory: Process Virtual Memory: 1156.42 MB used, 1201.03 MB peak
[2015.11.10-02.13.15:695][167]LogMemory: Physical Memory: 3208.55 MB used, 16332.61 MB total
[2015.11.10-02.13.15:695][167]LogMemory: Virtual Memory: 1902.63 MB used, 134217728.00 MB total
[2015.11.10-02.13.15:695][167]LogMemory: 
[2015.11.10-02.13.15:695][167]Allocator Stats for TBB: (not implemented)
[2015.11.10-02.13.16:004][167]LogAIModule: Creating AISystem for world Main
[2015.11.10-02.13.16:005][167]LogWorld: Game class is 'GameMode'
[2015.11.10-02.13.16:006][167]LogWorld: Bringing World /Game/StreetBrawlerMenu/UEDPIE_0_Main.Main up for play (max tick rate 0) at 2015.11.09-21.13.16
[2015.11.10-02.13.16:006][167]LogActor:Warning: GameSession /Game/StreetBrawlerMenu/UEDPIE_0_Main.Main:PersistentLevel.GameSession_1 has natively added scene component(s), but none of them were set as the actor's RootComponent - picking one arbitrarily
[2015.11.10-02.13.16:006][167]LogActor:Warning: GameNetworkManager /Game/StreetBrawlerMenu/UEDPIE_0_Main.Main:PersistentLevel.GameNetworkManager_1 has natively added scene component(s), but none of them were set as the actor's RootComponent - picking one arbitrarily
[2015.11.10-02.13.16:006][167]LogWorld: Bringing up level for play took: 0.000473
[2015.11.10-02.13.16:007][167]LogGameMode: Warning - PATHS NOT DEFINED or NO PLAYERSTART with positive rating
[2015.11.10-02.13.19:977][642]LogBlueprintUserMessages: Early EndPlayMap Detection: Level '/Game/StarterContent/Maps/Minimal_Default.Minimal_Default:PersistentLevel' has LevelScriptBlueprint '/Game/StarterContent/Maps/Minimal_Default.Minimal_Default:PersistentLevel.Minimal_Default' with GeneratedClass '/Game/StarterContent/Maps/Minimal_Default.Minimal_Default_C' with ClassGeneratedBy '/Game/StarterContent/Maps/Minimal_Default.Minimal_Default:PersistentLevel.Minimal_Default'
[2015.11.10-02.13.20:005][642]LogBlueprintUserMessages: Late EndPlayMap Detection: Level '/Game/StarterContent/Maps/Minimal_Default.Minimal_Default:PersistentLevel' has LevelScriptBlueprint '/Game/StarterContent/Maps/Minimal_Default.Minimal_Default:PersistentLevel.Minimal_Default' with GeneratedClass '/Game/StarterContent/Maps/Minimal_Default.Minimal_Default_C' with ClassGeneratedBy '/Game/StarterContent/Maps/Minimal_Default.Minimal_Default:PersistentLevel.Minimal_Default'
[2015.11.10-02.13.20:027][643]LogParticles: Destroying 0 GPU particle simulations for FXSystem 0x00000031DFA1CA40
[2015.11.10-02.13.21:857][859]LogBlueprintUserMessages: Early PlayInEditor Detection: Level '/Game/StarterContent/Maps/Minimal_Default.Minimal_Default:PersistentLevel' has LevelScriptBlueprint '/Game/StarterContent/Maps/Minimal_Default.Minimal_Default:PersistentLevel.Minimal_Default' with GeneratedClass '/Game/StarterContent/Maps/Minimal_Default.Minimal_Default_C' with ClassGeneratedBy '/Game/StarterContent/Maps/Minimal_Default.Minimal_Default:PersistentLevel.Minimal_Default'
[2015.11.10-02.13.21:857][859]LogPlayLevel: PlayLevel: No blueprints needed recompiling
[2015.11.10-02.13.21:858][859]LogHMD:Warning: HMD Oculus Rift DK2, res = 1920 x 1080
[2015.11.10-02.13.21:859][859]PIE: New page: PIE session: Minimal_Default (Nov 9, 2015, 4:13:21 PM)
[2015.11.10-02.13.21:859][859]LogPlayLevel: Creating play world package: /Game/StarterContent/Maps/UEDPIE_0_Minimal_Default
[2015.11.10-02.13.21:865][859]LogPlayLevel: PIE: StaticDuplicateObject took: (0.006238s)
[2015.11.10-02.13.21:865][859]LogAIModule: Creating AISystem for world Minimal_Default
[2015.11.10-02.13.21:865][859]LogPlayLevel: PIE: World Init took: (0.000500s)
[2015.11.10-02.13.21:865][859]LogPlayLevel: PIE: Created PIE world by copying editor world from /Game/StarterContent/Maps/Minimal_Default.Minimal_Default to /Game/StarterContent/Maps/UEDPIE_0_Minimal_Default.Minimal_Default (0.006881s)
[2015.11.10-02.13.21:902][859]LogWorld: Game class is 'GameMode'
[2015.11.10-02.13.21:905][859]LogWorld: Bringing World /Game/StarterContent/Maps/UEDPIE_0_Minimal_Default.Minimal_Default up for play (max tick rate 0) at 2015.11.09-21.13.21
[2015.11.10-02.13.21:905][859]LogActor:Warning: GameSession /Game/StarterContent/Maps/UEDPIE_0_Minimal_Default.Minimal_Default:PersistentLevel.GameSession_2 has natively added scene component(s), but none of them were set as the actor's RootComponent - picking one arbitrarily
[2015.11.10-02.13.21:906][859]LogActor:Warning: GameNetworkManager /Game/StarterContent/Maps/UEDPIE_0_Minimal_Default.Minimal_Default:PersistentLevel.GameNetworkManager_2 has natively added scene component(s), but none of them were set as the actor's RootComponent - picking one arbitrarily
[2015.11.10-02.13.21:906][859]LogWorld: Bringing up level for play took: 0.002553
[2015.11.10-02.13.21:908][859]PIE: Info Play in editor start time for /Game/StarterContent/Maps/UEDPIE_0_Minimal_Default 0.125
[2015.11.10-02.13.21:908][859]LogBlueprintUserMessages: Late PlayInEditor Detection: Level '/Game/StarterContent/Maps/Minimal_Default.Minimal_Default:PersistentLevel' has LevelScriptBlueprint '/Game/StarterContent/Maps/Minimal_Default.Minimal_Default:PersistentLevel.Minimal_Default' with GeneratedClass '/Game/StarterContent/Maps/Minimal_Default.Minimal_Default_C' with ClassGeneratedBy '/Game/StarterContent/Maps/Minimal_Default.Minimal_Default:PersistentLevel.Minimal_Default'
[2015.11.10-02.13.27:758][558]LogBlueprintUserMessages: Early EndPlayMap Detection: Level '/Game/StarterContent/Maps/Minimal_Default.Minimal_Default:PersistentLevel' has LevelScriptBlueprint '/Game/StarterContent/Maps/Minimal_Default.Minimal_Default:PersistentLevel.Minimal_Default' with GeneratedClass '/Game/StarterContent/Maps/Minimal_Default.Minimal_Default_C' with ClassGeneratedBy '/Game/StarterContent/Maps/Minimal_Default.Minimal_Default:PersistentLevel.Minimal_Default'
[2015.11.10-02.13.27:786][558]LogBlueprintUserMessages: Late EndPlayMap Detection: Level '/Game/StarterContent/Maps/Minimal_Default.Minimal_Default:PersistentLevel' has LevelScriptBlueprint '/Game/StarterContent/Maps/Minimal_Default.Minimal_Default:PersistentLevel.Minimal_Default' with GeneratedClass '/Game/StarterContent/Maps/Minimal_Default.Minimal_Default_C' with ClassGeneratedBy '/Game/StarterContent/Maps/Minimal_Default.Minimal_Default:PersistentLevel.Minimal_Default'
[2015.11.10-02.13.27:804][559]LogParticles: Destroying 0 GPU particle simulations for FXSystem 0x00000031F2F33060
[2015.11.10-02.13.57:629][739]LogEditorViewport: Clicking on Actor (context menu): StaticMeshActor (Floor)
[2015.11.10-02.14.26:911][417]LogEditorViewport: Clicking on Actor (LMB): StaticMeshActor (Chair)
[2015.11.10-02.14.27:963][537]LogBlueprintUserMessages: Early PlayInEditor Detection: Level '/Game/StarterContent/Maps/Minimal_Default.Minimal_Default:PersistentLevel' has LevelScriptBlueprint '/Game/StarterContent/Maps/Minimal_Default.Minimal_Default:PersistentLevel.Minimal_Default' with GeneratedClass '/Game/StarterContent/Maps/Minimal_Default.Minimal_Default_C' with ClassGeneratedBy '/Game/StarterContent/Maps/Minimal_Default.Minimal_Default:PersistentLevel.Minimal_Default'
[2015.11.10-02.14.27:963][537]LogPlayLevel: PlayLevel: No blueprints needed recompiling
[2015.11.10-02.14.27:964][537]LogHMD:Warning: HMD Oculus Rift DK2, res = 1920 x 1080
[2015.11.10-02.14.27:965][537]PIE: New page: PIE session: Minimal_Default (Nov 9, 2015, 4:14:27 PM)
[2015.11.10-02.14.27:965][537]LogPlayLevel: Creating play world package: /Game/StarterContent/Maps/UEDPIE_0_Minimal_Default
[2015.11.10-02.14.27:971][537]LogPlayLevel: PIE: StaticDuplicateObject took: (0.006384s)
[2015.11.10-02.14.27:971][537]LogAIModule: Creating AISystem for world Minimal_Default
[2015.11.10-02.14.27:972][537]LogPlayLevel: PIE: World Init took: (0.000549s)
[2015.11.10-02.14.27:972][537]LogPlayLevel: PIE: Created PIE world by copying editor world from /Game/StarterContent/Maps/Minimal_Default.Minimal_Default to /Game/StarterContent/Maps/UEDPIE_0_Minimal_Default.Minimal_Default (0.007092s)
[2015.11.10-02.14.28:015][537]LogWorld: Game class is 'GameMode'
[2015.11.10-02.14.28:017][537]LogWorld: Bringing World /Game/StarterContent/Maps/UEDPIE_0_Minimal_Default.Minimal_Default up for play (max tick rate 0) at 2015.11.09-21.14.28
[2015.11.10-02.14.28:017][537]LogActor:Warning: GameSession /Game/StarterContent/Maps/UEDPIE_0_Minimal_Default.Minimal_Default:PersistentLevel.GameSession_3 has natively added scene component(s), but none of them were set as the actor's RootComponent - picking one arbitrarily
[2015.11.10-02.14.28:017][537]LogActor:Warning: GameNetworkManager /Game/StarterContent/Maps/UEDPIE_0_Minimal_Default.Minimal_Default:PersistentLevel.GameNetworkManager_3 has natively added scene component(s), but none of them were set as the actor's RootComponent - picking one arbitrarily
[2015.11.10-02.14.28:018][537]LogWorld: Bringing up level for play took: 0.002501
[2015.11.10-02.14.28:020][537]PIE: Info Play in editor start time for /Game/StarterContent/Maps/UEDPIE_0_Minimal_Default 0.236
[2015.11.10-02.14.28:020][537]LogBlueprintUserMessages: Late PlayInEditor Detection: Level '/Game/StarterContent/Maps/Minimal_Default.Minimal_Default:PersistentLevel' has LevelScriptBlueprint '/Game/StarterContent/Maps/Minimal_Default.Minimal_Default:PersistentLevel.Minimal_Default' with GeneratedClass '/Game/StarterContent/Maps/Minimal_Default.Minimal_Default_C' with ClassGeneratedBy '/Game/StarterContent/Maps/Minimal_Default.Minimal_Default:PersistentLevel.Minimal_Default'
[2015.11.10-02.15.21:677][971]LogBlueprintUserMessages: Early EndPlayMap Detection: Level '/Game/StarterContent/Maps/Minimal_Default.Minimal_Default:PersistentLevel' has LevelScriptBlueprint '/Game/StarterContent/Maps/Minimal_Default.Minimal_Default:PersistentLevel.Minimal_Default' with GeneratedClass '/Game/StarterContent/Maps/Minimal_Default.Minimal_Default_C' with ClassGeneratedBy '/Game/StarterContent/Maps/Minimal_Default.Minimal_Default:PersistentLevel.Minimal_Default'
[2015.11.10-02.15.21:724][971]LogBlueprintUserMessages: Late EndPlayMap Detection: Level '/Game/StarterContent/Maps/Minimal_Default.Minimal_Default:PersistentLevel' has LevelScriptBlueprint '/Game/StarterContent/Maps/Minimal_Default.Minimal_Default:PersistentLevel.Minimal_Default' with GeneratedClass '/Game/StarterContent/Maps/Minimal_Default.Minimal_Default_C' with ClassGeneratedBy '/Game/StarterContent/Maps/Minimal_Default.Minimal_Default:PersistentLevel.Minimal_Default'
[2015.11.10-02.15.21:743][972]LogParticles: Destroying 0 GPU particle simulations for FXSystem 0x00000031FF4187C0
[2015.11.10-02.15.25:176][210]LogWindowsTextInputMethodSystem:Display: IME system now deactivated.
[2015.11.10-02.15.25:405][211]Cmd: QUIT_EDITOR
[2015.11.10-02.15.26:581][211]LogHMD: Oculus shutdown.
[2015.11.10-02.15.26:669][211]LogExit: Preparing to exit.
[2015.11.10-02.15.27:726][211]LogExit: Editor shut down
[2015.11.10-02.15.27:726][211]LogExit: Transaction tracking system shut down
[2015.11.10-02.15.27:728][211]LogParticles: Destroying 0 GPU particle simulations for FXSystem 0x00000031E3ACD1C0
[2015.11.10-02.15.27:729][211]LogParticles: Destroying 0 GPU particle simulations for FXSystem 0x00000031FFBDB880
[2015.11.10-02.15.27:729][211]LogParticles: Destroying 0 GPU particle simulations for FXSystem 0x00000031FF80A840
[2015.11.10-02.15.27:841][211]LogExit: Object subsystem successfully closed.
[2015.11.10-02.15.27:850][211]LogD3D11RHI: Shutdown
[2015.11.10-02.15.27:850][211]LogD3D11RHI: CleanupD3DDevice
[2015.11.10-02.15.27:881][211]LogD3D11RHI: ~FD3D11DynamicRHI
[2015.11.10-02.15.27:894][211]LogModuleManager: Shutting down and abandoning module CrashTracker (197)
[2015.11.10-02.15.27:894][211]LogModuleManager: Shutting down and abandoning module SceneOutliner (196)
[2015.11.10-02.15.27:894][211]LogModuleManager: Shutting down and abandoning module SuperSearch (195)
[2015.11.10-02.15.27:894][211]LogModuleManager: Shutting down and abandoning module WidgetCarousel (194)
[2015.11.10-02.15.27:894][211]LogModuleManager: Shutting down and abandoning module AddContentDialog (193)
[2015.11.10-02.15.27:895][211]LogModuleManager: Shutting down and abandoning module EditorWidgets (192)
[2015.11.10-02.15.27:895][211]LogModuleManager: Shutting down and abandoning module CollectionManager (191)
[2015.11.10-02.15.27:896][211]LogModuleManager: Shutting down and abandoning module StatsViewer (190)
[2015.11.10-02.15.27:896][211]LogModuleManager: Shutting down and abandoning module FoliageEdit (189)
[2015.11.10-02.15.27:896][211]LogModuleManager: Shutting down and abandoning module LandscapeEditor (188)
[2015.11.10-02.15.27:896][211]LogModuleManager: Shutting down and abandoning module ActorPickerMode (187)
[2015.11.10-02.15.27:896][211]LogModuleManager: Shutting down and abandoning module GeometryMode (186)
[2015.11.10-02.15.27:896][211]LogModuleManager: Shutting down and abandoning module TextureAlignMode (185)
[2015.11.10-02.15.27:896][211]LogModuleManager: Shutting down and abandoning module BspMode (184)
[2015.11.10-02.15.27:896][211]LogModuleManager: Shutting down and abandoning module PlacementMode (183)
[2015.11.10-02.15.27:896][211]LogModuleManager: Shutting down and abandoning module AutomationWorker (182)
[2015.11.10-02.15.27:896][211]LogModuleManager: Shutting down and abandoning module CharacterAI (181)
[2015.11.10-02.15.27:896][211]LogModuleManager: Shutting down and abandoning module SmartSnapping (180)
[2015.11.10-02.15.27:896][211]LogModuleManager: Shutting down and abandoning module ViewportSnapping (179)
[2015.11.10-02.15.27:896][211]LogModuleManager: Shutting down and abandoning module LogVisualizer (178)
[2015.11.10-02.15.27:896][211]LogModuleManager: Shutting down and abandoning module GameProjectGeneration (177)
[2015.11.10-02.15.27:896][211]LogModuleManager: Shutting down and abandoning module IntroTutorials (176)
[2015.11.10-02.15.27:896][211]LogModuleManager: Shutting down and abandoning module EditorLiveStreaming (175)
[2015.11.10-02.15.27:896][211]LogModuleManager: Shutting down and abandoning module IOSPlatformEditor (174)
[2015.11.10-02.15.27:896][211]LogModuleManager: Shutting down and abandoning module HTML5PlatformEditor (173)
[2015.11.10-02.15.27:896][211]LogModuleManager: Shutting down and abandoning module AndroidDeviceDetection (172)
[2015.11.10-02.15.28:724][211]LogModuleManager: Shutting down and abandoning module AndroidPlatformEditor (171)
[2015.11.10-02.15.28:724][211]LogModuleManager: Shutting down and abandoning module IOSRuntimeSettings (170)
[2015.11.10-02.15.28:724][211]LogModuleManager: Shutting down and abandoning module AndroidRuntimeSettings (169)
[2015.11.10-02.15.28:724][211]LogModuleManager: Shutting down and abandoning module MergeActors (168)
[2015.11.10-02.15.28:724][211]LogModuleManager: Shutting down and abandoning module SizeMap (167)
[2015.11.10-02.15.28:724][211]LogModuleManager: Shutting down and abandoning module TreeMap (166)
[2015.11.10-02.15.28:724][211]LogModuleManager: Shutting down and abandoning module ReferenceViewer (165)
[2015.11.10-02.15.28:724][211]LogModuleManager: Shutting down and abandoning module LocalizationService (164)
[2015.11.10-02.15.28:724][211]LogModuleManager: Shutting down and abandoning module LocalizationDashboard (163)
[2015.11.10-02.15.28:724][211]LogModuleManager: Shutting down and abandoning module HardwareTargeting (162)
[2015.11.10-02.15.28:724][211]LogModuleManager: Shutting down and abandoning module DeviceProfileEditor (161)
[2015.11.10-02.15.28:724][211]LogModuleManager: Shutting down and abandoning module UndoHistory (160)
[2015.11.10-02.15.28:724][211]LogModuleManager: Shutting down and abandoning module GameplayTagsEditor (159)
[2015.11.10-02.15.28:724][211]LogModuleManager: Shutting down and abandoning module UserFeedback (158)
[2015.11.10-02.15.28:724][211]LogModuleManager: Shutting down and abandoning module XmlParser (157)
[2015.11.10-02.15.28:724][211]LogModuleManager: Shutting down and abandoning module Blutility (156)
[2015.11.10-02.15.28:724][211]LogModuleManager: Shutting down and abandoning module ProjectTargetPlatformEditor (155)
[2015.11.10-02.15.28:724][211]LogModuleManager: Shutting down and abandoning module ProjectSettingsViewer (154)
[2015.11.10-02.15.28:724][211]LogModuleManager: Shutting down and abandoning module InputBindingEditor (153)
[2015.11.10-02.15.28:724][211]LogModuleManager: Shutting down and abandoning module EditorSettingsViewer (152)
[2015.11.10-02.15.28:724][211]LogModuleManager: Shutting down and abandoning module SettingsEditor (151)
[2015.11.10-02.15.28:724][211]LogModuleManager: Shutting down and abandoning module ProjectLauncher (150)
[2015.11.10-02.15.28:724][211]LogModuleManager: Shutting down and abandoning module SessionFrontend (149)
[2015.11.10-02.15.28:724][211]LogModuleManager: Shutting down and abandoning module ProfilerClient (148)
[2015.11.10-02.15.28:724][211]LogModuleManager: Shutting down and abandoning module TargetDeviceServices (147)
[2015.11.10-02.15.28:724][211]LogModuleManager: Shutting down and abandoning module DeviceManager (146)
[2015.11.10-02.15.28:724][211]LogModuleManager: Shutting down and abandoning module AutomationController (145)
[2015.11.10-02.15.28:724][211]LogModuleManager: Shutting down and abandoning module AutomationWindow (144)
[2015.11.10-02.15.28:724][211]LogModuleManager: Shutting down and abandoning module Layers (143)
[2015.11.10-02.15.28:724][211]LogModuleManager: Shutting down and abandoning module ComponentVisualizers (142)
[2015.11.10-02.15.28:724][211]LogModuleManager: Shutting down and abandoning module DetailCustomizations (141)
[2015.11.10-02.15.28:724][211]LogModuleManager: Shutting down and abandoning module PackagesDialog (140)
[2015.11.10-02.15.28:724][211]LogModuleManager: Shutting down and abandoning module Persona (139)
[2015.11.10-02.15.28:725][211]LogModuleManager: Shutting down and abandoning module Kismet (138)
[2015.11.10-02.15.28:725][211]LogModuleManager: Shutting down and abandoning module GraphEditor (137)
[2015.11.10-02.15.28:725][211]LogModuleManager: Shutting down and abandoning module ClassViewer (136)
[2015.11.10-02.15.28:725][211]LogModuleManager: Shutting down and abandoning module Toolbox (135)
[2015.11.10-02.15.28:725][211]LogModuleManager: Shutting down and abandoning module ModuleUI (134)
[2015.11.10-02.15.28:725][211]LogModuleManager: Shutting down and abandoning module MovieSceneTools (133)
[2015.11.10-02.15.28:725][211]LogModuleManager: Shutting down and abandoning module OutputLog (132)
[2015.11.10-02.15.28:725][211]LogModuleManager: Shutting down and abandoning module GammaUI (131)
[2015.11.10-02.15.28:725][211]LogModuleManager: Shutting down and abandoning module Documentation (130)
[2015.11.10-02.15.28:725][211]LogModuleManager: Shutting down and abandoning module GameLiveStreaming (129)
[2015.11.10-02.15.28:725][211]LogModuleManager: Shutting down and abandoning module StreamingPauseRendering (128)
[2015.11.10-02.15.28:725][211]LogModuleManager: Shutting down and abandoning module AnalyticsET (127)
[2015.11.10-02.15.28:725][211]LogModuleManager: Shutting down and abandoning module Analytics (126)
[2015.11.10-02.15.28:725][211]LogModuleManager: Shutting down and abandoning module AITestSuite (125)
[2015.11.10-02.15.28:725][211]LogModuleManager: Shutting down and abandoning module GameplayDebugger (124)
[2015.11.10-02.15.28:725][211]LogModuleManager: Shutting down and abandoning module AIModule (123)
[2015.11.10-02.15.28:725][211]LogModuleManager: Shutting down and abandoning module ProfilerService (122)
[2015.11.10-02.15.28:749][211]LogModuleManager: Shutting down and abandoning module TaskGraph (121)
[2015.11.10-02.15.28:749][211]LogModuleManager: Shutting down and abandoning module SlateRemote (120)
[2015.11.10-02.15.28:749][211]LogModuleManager: Shutting down and abandoning module SteamVRController (119)
[2015.11.10-02.15.28:749][211]LogModuleManager: Shutting down and abandoning module SteamVR (118)
[2015.11.10-02.15.28:749][211]LogModuleManager: Shutting down and abandoning module ProceduralMeshComponent (117)
[2015.11.10-02.15.28:749][211]LogModuleManager: Shutting down and abandoning module OculusRift (116)
[2015.11.10-02.15.28:749][211]LogModuleManager: Shutting down and abandoning module OculusLibrary (115)
[2015.11.10-02.15.28:749][211]LogModuleManager: Shutting down and abandoning module LeapMotionController (114)
[2015.11.10-02.15.28:760][211]LogModuleManager: Shutting down and abandoning module CustomMeshComponent (113)
[2015.11.10-02.15.28:760][211]LogModuleManager: Shutting down and abandoning module CableComponent (112)
[2015.11.10-02.15.28:760][211]LogModuleManager: Shutting down and abandoning module ArchVisCharacter (111)
[2015.11.10-02.15.28:760][211]LogModuleManager: Shutting down and abandoning module MessagingDebugger (110)
[2015.11.10-02.15.28:760][211]LogModuleManager: Shutting down and abandoning module MediaPlayerEditor (109)
[2015.11.10-02.15.28:760][211]LogModuleManager: Shutting down and abandoning module HTML5Networking (108)
[2015.11.10-02.15.28:760][211]LogModuleManager: Shutting down and abandoning module SpeedTreeImporter (107)
[2015.11.10-02.15.28:760][211]LogModuleManager: Shutting down and abandoning module PluginBrowser (106)
[2015.11.10-02.15.28:760][211]LogModuleManager: Shutting down and abandoning module EpicSurvey (105)
[2015.11.10-02.15.28:760][211]LogModuleManager: Shutting down and abandoning module DesktopPlatform (104)
[2015.11.10-02.15.28:760][211]LogModuleManager: Shutting down and abandoning module VisualStudioSourceCodeAccess (103)
[2015.11.10-02.15.28:760][211]LogModuleManager: Shutting down and abandoning module UObjectPlugin (102)
[2015.11.10-02.15.28:760][211]LogModuleManager: Shutting down and abandoning module SubversionSourceControl (101)
[2015.11.10-02.15.28:760][211]LogModuleManager: Shutting down and abandoning module PerforceSourceControl (100)
[2015.11.10-02.15.28:760][211]LogModuleManager: Shutting down and abandoning module SourceControl (99)
[2015.11.10-02.15.28:760][211]LogModuleManager: Shutting down and abandoning module GitSourceControl (98)
[2015.11.10-02.15.28:760][211]LogModuleManager: Shutting down and abandoning module LightPropagationVolumeEditor (97)
[2015.11.10-02.15.28:760][211]LogModuleManager: Shutting down and abandoning module PaperTiledImporter (96)
[2015.11.10-02.15.28:760][211]LogModuleManager: Shutting down and abandoning module PaperSpriteSheetImporter (95)
[2015.11.10-02.15.28:760][211]LogModuleManager: Shutting down and abandoning module MeshPaint (94)
[2015.11.10-02.15.28:760][211]LogModuleManager: Shutting down and abandoning module SlateReflector (93)
[2015.11.10-02.15.28:760][211]LogModuleManager: Shutting down and abandoning module HotReload (92)
[2015.11.10-02.15.28:760][211]LogModuleManager: Shutting down and abandoning module MainFrame (91)
[2015.11.10-02.15.28:760][211]LogModuleManager: Shutting down and abandoning module LevelEditor (90)
[2015.11.10-02.15.28:761][211]LogModuleManager: Shutting down and abandoning module DirectoryWatcher (89)
[2015.11.10-02.15.28:761][211]LogModuleManager: Shutting down and abandoning module AssetRegistry (88)
[2015.11.10-02.15.28:822][211]LogModuleManager: Shutting down and abandoning module ContentBrowser (87)
[2015.11.10-02.15.28:822][211]LogModuleManager: Shutting down and abandoning module Paper2DEditor (86)
[2015.11.10-02.15.28:822][211]LogModuleManager: Shutting down and abandoning module UdpMessaging (85)
[2015.11.10-02.15.28:923][211]LogModuleManager: Shutting down and abandoning module LightPropagationVolumeRuntime (84)
[2015.11.10-02.15.28:923][211]LogModuleManager: Shutting down and abandoning module Paper2D (83)
[2015.11.10-02.15.28:923][211]LogModuleManager: Shutting down and abandoning module WindowsMoviePlayer (82)
[2015.11.10-02.15.28:924][211]LogModuleManager: Shutting down and abandoning module Media (81)
[2015.11.10-02.15.28:925][211]LogModuleManager: Shutting down and abandoning module WmfMedia (80)
[2015.11.10-02.15.28:925][211]LogModuleManager: Shutting down and abandoning module OnlineBlueprintSupport (79)
[2015.11.10-02.15.28:925][211]LogModuleManager: Shutting down and abandoning module GameplayTasksEditor (78)
[2015.11.10-02.15.28:925][211]LogModuleManager: Shutting down and abandoning module PropertyEditor (77)
[2015.11.10-02.15.28:925][211]LogModuleManager: Shutting down and abandoning module BehaviorTreeEditor (76)
[2015.11.10-02.15.28:925][211]LogModuleManager: Shutting down and abandoning module FunctionalTesting (75)
[2015.11.10-02.15.28:925][211]LogModuleManager: Shutting down and abandoning module CollisionAnalyzer (74)
[2015.11.10-02.15.28:925][211]LogModuleManager: Shutting down and abandoning module WorkspaceMenuStructure (73)
[2015.11.10-02.15.28:925][211]LogModuleManager: Shutting down and abandoning module MessageLog (72)
[2015.11.10-02.15.28:925][211]LogModuleManager: Shutting down and abandoning module Sequencer (71)
[2015.11.10-02.15.28:926][211]LogModuleManager: Shutting down and abandoning module AssetTools (70)
[2015.11.10-02.15.28:926][211]LogModuleManager: Shutting down and abandoning module UMGEditor (69)
[2015.11.10-02.15.28:926][211]LogModuleManager: Shutting down and abandoning module UMG (68)
[2015.11.10-02.15.28:926][211]LogModuleManager: Shutting down and abandoning module Slate (67)
[2015.11.10-02.15.28:926][211]LogModuleManager: Shutting down and abandoning module EditorStyle (66)
[2015.11.10-02.15.28:927][211]LogModuleManager: Shutting down and abandoning module SessionServices (65)
[2015.11.10-02.15.28:927][211]LogModuleManager: Shutting down and abandoning module SourceCodeAccess (64)
[2015.11.10-02.15.28:927][211]LogModuleManager: Shutting down and abandoning module HeadMountedDisplay (63)
[2015.11.10-02.15.28:927][211]LogModuleManager: Shutting down and abandoning module XAudio2 (62)
[2015.11.10-02.15.28:927][211]LogModuleManager: Shutting down and abandoning module Networking (60)
[2015.11.10-02.15.28:927][211]LogModuleManager: Shutting down and abandoning module Core (59)
[2015.11.10-02.15.28:927][211]LogModuleManager: Shutting down and abandoning module KismetCompiler (58)
[2015.11.10-02.15.28:927][211]LogModuleManager: Shutting down and abandoning module PhysXFormats (57)
[2015.11.10-02.15.28:927][211]LogModuleManager: Shutting down and abandoning module MeshUtilities (56)
[2015.11.10-02.15.28:927][211]LogModuleManager: Shutting down and abandoning module CookingStats (55)
[2015.11.10-02.15.28:928][211]LogModuleManager: Shutting down and abandoning module DerivedDataCache (54)
[2015.11.10-02.15.28:952][211]LogDerivedDataCache: Shutdown
[2015.11.10-02.15.28:952][211]LogModuleManager: Shutting down and abandoning module ShaderFormatOpenGL (53)
[2015.11.10-02.15.28:952][211]LogModuleManager: Shutting down and abandoning module ShaderFormatD3D (52)
[2015.11.10-02.15.28:952][211]LogModuleManager: Shutting down and abandoning module MetalShaderFormat (51)
[2015.11.10-02.15.28:952][211]LogModuleManager: Shutting down and abandoning module TextureFormatUncompressed (50)
[2015.11.10-02.15.28:952][211]LogModuleManager: Shutting down and abandoning module TextureFormatPVR (49)
[2015.11.10-02.15.28:952][211]LogModuleManager: Shutting down and abandoning module TextureFormatIntelISPCTexComp (48)
[2015.11.10-02.15.28:952][211]LogModuleManager: Shutting down and abandoning module TextureFormatDXT (47)
[2015.11.10-02.15.28:952][211]LogModuleManager: Shutting down and abandoning module ImageWrapper (46)
[2015.11.10-02.15.28:952][211]LogModuleManager: Shutting down and abandoning module TextureFormatASTC (45)
[2015.11.10-02.15.28:952][211]LogModuleManager: Shutting down and abandoning module TextureFormatAndroid (44)
[2015.11.10-02.15.28:952][211]LogModuleManager: Shutting down and abandoning module AudioFormatOpus (43)
[2015.11.10-02.15.28:952][211]LogModuleManager: Shutting down and abandoning module AudioFormatOgg (42)
[2015.11.10-02.15.28:952][211]LogModuleManager: Shutting down and abandoning module AudioFormatADPCM (41)
[2015.11.10-02.15.28:952][211]LogModuleManager: Shutting down and abandoning module LinuxTargetPlatform (40)
[2015.11.10-02.15.28:952][211]LogModuleManager: Shutting down and abandoning module LinuxServerTargetPlatform (39)
[2015.11.10-02.15.28:952][211]LogModuleManager: Shutting down and abandoning module LinuxNoEditorTargetPlatform (38)
[2015.11.10-02.15.28:952][211]LogModuleManager: Shutting down and abandoning module Messaging (37)
[2015.11.10-02.15.28:952][211]LogModuleManager: Shutting down and abandoning module IOSTargetPlatform (36)
[2015.11.10-02.15.28:952][211]LogModuleManager: Shutting down and abandoning module HTML5TargetPlatform (35)
[2015.11.10-02.15.28:952][211]LogModuleManager: Shutting down and abandoning module Android_PVRTCTargetPlatform (34)
[2015.11.10-02.15.28:952][211]LogModuleManager: Shutting down and abandoning module Android_ETC2TargetPlatform (33)
[2015.11.10-02.15.28:952][211]LogModuleManager: Shutting down and abandoning module Android_ETC1TargetPlatform (32)
[2015.11.10-02.15.28:952][211]LogModuleManager: Shutting down and abandoning module Android_DXTTargetPlatform (31)
[2015.11.10-02.15.28:952][211]LogModuleManager: Shutting down and abandoning module Android_ATCTargetPlatform (30)
[2015.11.10-02.15.28:952][211]LogModuleManager: Shutting down and abandoning module Android_ASTCTargetPlatform (29)
[2015.11.10-02.15.28:952][211]LogModuleManager: Shutting down and abandoning module AndroidTargetPlatform (28)
[2015.11.10-02.15.28:952][211]LogModuleManager: Shutting down and abandoning module WindowsTargetPlatform (27)
[2015.11.10-02.15.28:952][211]LogModuleManager: Shutting down and abandoning module WindowsServerTargetPlatform (26)
[2015.11.10-02.15.28:952][211]LogModuleManager: Shutting down and abandoning module WindowsNoEditorTargetPlatform (25)
[2015.11.10-02.15.28:952][211]LogModuleManager: Shutting down and abandoning module WindowsClientTargetPlatform (24)
[2015.11.10-02.15.28:952][211]LogModuleManager: Shutting down and abandoning module AllDesktopTargetPlatform (23)
[2015.11.10-02.15.28:952][211]LogModuleManager: Shutting down and abandoning module TargetPlatform (22)
[2015.11.10-02.15.28:952][211]LogModuleManager: Shutting down and abandoning module InputCore (21)
[2015.11.10-02.15.28:952][211]LogModuleManager: Shutting down and abandoning module Settings (20)
[2015.11.10-02.15.28:952][211]LogModuleManager: Shutting down and abandoning module OnlineSubsystem (18)
[2015.11.10-02.15.28:952][211]LogModuleManager: Shutting down and abandoning module HTTP (17)
[2015.11.10-02.15.30:955][211]LogModuleManager: Shutting down and abandoning module XMPP (16)
[2015.11.10-02.15.30:955][211]LogModuleManager: Shutting down and abandoning module ExampleDeviceProfileSelector (15)
[2015.11.10-02.15.30:955][211]LogModuleManager: Shutting down and abandoning module TextureCompressor (14)
[2015.11.10-02.15.30:955][211]LogModuleManager: Shutting down and abandoning module ShaderCore (13)
[2015.11.10-02.15.30:955][211]LogModuleManager: Shutting down and abandoning module Landscape (12)
[2015.11.10-02.15.30:955][211]LogModuleManager: Shutting down and abandoning module SlateRHIRenderer (11)
[2015.11.10-02.15.30:956][211]LogModuleManager: Shutting down and abandoning module OpenGLDrv (10)
[2015.11.10-02.15.30:956][211]LogModuleManager: Shutting down and abandoning module D3D11RHI (9)
[2015.11.10-02.15.30:956][211]LogModuleManager: Shutting down and abandoning module AnimGraphRuntime (8)
[2015.11.10-02.15.30:956][211]LogModuleManager: Shutting down and abandoning module Renderer (7)
[2015.11.10-02.15.30:956][211]LogModuleManager: Shutting down and abandoning module Engine (6)
[2015.11.10-02.15.30:956][211]LogModuleManager: Shutting down and abandoning module CoreUObject (5)
[2015.11.10-02.15.30:956][211]LogModuleManager: Shutting down and abandoning module NetworkFile (4)
[2015.11.10-02.15.30:956][211]LogModuleManager: Shutting down and abandoning module StreamingFile (3)
[2015.11.10-02.15.30:956][211]LogModuleManager: Shutting down and abandoning module SandboxFile (2)
[2015.11.10-02.15.30:956][211]LogModuleManager: Shutting down and abandoning module PakFile (1)
[2015.11.10-02.15.30:956][211]LogExit: Exiting.
[2015.11.10-02.15.30:958][211]Log file closed, 11/09/15 21:15:30
