[2015.11.10-02.26.09:075][  0]Log file open, 11/09/15 21:26:09
[2015.11.10-02.26.09:075][  0]LogInit:Display: Running engine for game: StreetBrawlerMenu
[2015.11.10-02.26.09:075][  0]LogInit:Display: RandInit(-804458582) SRandInit(-804458582).
[2015.11.10-02.26.09:075][  0]LogTaskGraph: Started task graph with 4 named threads and 7 total threads.
[2015.11.10-02.26.09:075][  0]LogStats: Stats thread started at 0.067386
[2015.11.10-02.26.09:075][  0]LogInit: Version: 4.9.2-2707645+++depot+UE4-Releases+4.9
[2015.11.10-02.26.09:075][  0]LogInit: API Version: 2672455
[2015.11.10-02.26.09:075][  0]LogInit: Compiled (64-bit): Sep 28 2015 10:25:44
[2015.11.10-02.26.09:075][  0]LogInit: Compiled with Visual C++: 18.00.21005.01
[2015.11.10-02.26.09:075][  0]LogInit: Build Configuration: Development
[2015.11.10-02.26.09:075][  0]LogInit: Branch Name: ++depot+UE4-Releases+4.9
[2015.11.10-02.26.09:075][  0]LogInit: Command line:  
[2015.11.10-02.26.09:075][  0]LogInit: Base directory: C:/Program Files/Epic Games/4.9/Engine/Binaries/Win64/
[2015.11.10-02.26.09:075][  0]LogInit: Rocket: 1
[2015.11.10-02.26.09:081][  0]LogInit: Using libcurl 7.41.0
[2015.11.10-02.26.09:081][  0]LogInit:  - built for x86_64-pc-win32
[2015.11.10-02.26.09:081][  0]LogInit:  - supports SSL with WinSSL
[2015.11.10-02.26.09:081][  0]LogInit:  - other features:
[2015.11.10-02.26.09:081][  0]LogInit:      CURL_VERSION_SSL
[2015.11.10-02.26.09:081][  0]LogInit:      CURL_VERSION_IPV6
[2015.11.10-02.26.09:081][  0]LogInit:      CURL_VERSION_ASYNCHDNS
[2015.11.10-02.26.09:081][  0]LogInit:      CURL_VERSION_LARGEFILE
[2015.11.10-02.26.09:081][  0]LogInit:      CURL_VERSION_IDN
[2015.11.10-02.26.09:081][  0]LogInit:  CurlRequestOptions (configurable via config and command line):
[2015.11.10-02.26.09:081][  0]LogInit:  - bVerifyPeer = true  - Libcurl will verify peer certificate
[2015.11.10-02.26.09:081][  0]LogInit:  - bUseHttpProxy = false  - Libcurl will NOT use HTTP proxy
[2015.11.10-02.26.09:081][  0]LogInit:  - bDontReuseConnections = false  - Libcurl will reuse connections
[2015.11.10-02.26.09:081][  0]LogInit:  - CertBundlePath = nullptr  - Libcurl will use whatever was configured at build time.
[2015.11.10-02.26.09:086][  0]LogInit: Presizing for 0 objects not considered by GC, pre-allocating 0 bytes.
[2015.11.10-02.26.09:091][  0]LogInit: Object subsystem initialized
[2015.11.10-02.26.09:092][  0]LogInit: Selected Device Profile: [Windows]
[2015.11.10-02.26.09:092][  0]LogInit: Applying CVar settings loaded from the selected device profile: [Windows]
[2015.11.10-02.26.09:099][  0]LogInit: Computer: BALDY19-3
[2015.11.10-02.26.09:099][  0]LogInit: User: Baldy19
[2015.11.10-02.26.09:099][  0]LogInit: CPU Page size=4096, Cores=4
[2015.11.10-02.26.09:099][  0]LogInit: High frequency timer resolution =3.906266 MHz
[2015.11.10-02.26.09:100][  0]LogMemory: Memory total: Physical=15.9GB (16GB approx)
[2015.11.10-02.26.09:100][  0]LogMemory: Platform Memory Stats for Windows
[2015.11.10-02.26.09:100][  0]LogMemory: Process Physical Memory: 54.01 MB used, 54.01 MB peak
[2015.11.10-02.26.09:100][  0]LogMemory: Process Virtual Memory: 57.29 MB used, 57.29 MB peak
[2015.11.10-02.26.09:100][  0]LogMemory: Physical Memory: 3096.26 MB used, 16332.61 MB total
[2015.11.10-02.26.09:100][  0]LogMemory: Virtual Memory: 366.59 MB used, 134217728.00 MB total
[2015.11.10-02.26.09:126][  0]LogTextLocalizationManager: No specific translations for ('en-US') exist, so ('en') translations will be used.
[2015.11.10-02.26.09:692][  0]LogD3D11RHI: Found D3D11 adapter 0: NVIDIA GeForce GTX 980 Ti (Feature Level 11_0)
[2015.11.10-02.26.09:692][  0]LogD3D11RHI: Adapter has 6048MB of dedicated video memory, 0MB of dedicated system memory, and 8166MB of shared system memory, 2 output[s]
[2015.11.10-02.26.09:693][  0]LogD3D11RHI: Found D3D11 adapter 1: Microsoft Basic Render Driver (Feature Level 11_0)
[2015.11.10-02.26.09:693][  0]LogD3D11RHI: Adapter has 0MB of dedicated video memory, 0MB of dedicated system memory, and 8166MB of shared system memory, 0 output[s]
[2015.11.10-02.26.09:693][  0]LogD3D11RHI: Chosen D3D11 Adapter Id = 0
[2015.11.10-02.26.09:695][  0]LogD3D11RHI: !Direct3DDevice
[2015.11.10-02.26.09:695][  0]LogRHI: Texture pool is 1361 MB (70% of 1945 MB)
[2015.11.10-02.26.09:708][  0]LogD3D11RHI: Async texture creation enabled
[2015.11.10-02.26.09:717][  0]LogShaderCompilers: Guid format shader working directory is 15 characters bigger than the processId version (../../../../../../Users/Baldy19/Documents/Unreal Projects/StreetBrawlerMenu/Intermediate/Shaders/WorkingDirectory/6516/).
[2015.11.10-02.26.09:717][  0]LogShaderCompilers: Cleaned the shader compiler working directory '../../../../../../Users/Baldy19/Documents/Unreal Projects/StreetBrawlerMenu/Intermediate/Shaders/tmp/5F263D6C4ACC6788E0E6EFBBF14C8CE5/'.
[2015.11.10-02.26.09:717][  0]LogShaderCompilers:Display: Using Local Shader Compiler.
[2015.11.10-02.26.10:466][  0]LogTemp:Display: Loaded TP AllDesktopTargetPlatform
[2015.11.10-02.26.10:470][  0]LogTemp:Display: Loaded TP WindowsClientTargetPlatform
[2015.11.10-02.26.10:474][  0]LogTemp:Display: Loaded TP WindowsNoEditorTargetPlatform
[2015.11.10-02.26.10:478][  0]LogTemp:Display: Loaded TP WindowsServerTargetPlatform
[2015.11.10-02.26.10:482][  0]LogTemp:Display: Loaded TP WindowsTargetPlatform
[2015.11.10-02.26.10:485][  0]LogTemp:Display: Loaded TP AndroidTargetPlatform
[2015.11.10-02.26.10:487][  0]LogTemp:Display: Loaded TP Android_ASTCTargetPlatform
[2015.11.10-02.26.10:490][  0]LogTemp:Display: Loaded TP Android_ATCTargetPlatform
[2015.11.10-02.26.10:492][  0]LogTemp:Display: Loaded TP Android_DXTTargetPlatform
[2015.11.10-02.26.10:495][  0]LogTemp:Display: Loaded TP Android_ETC1TargetPlatform
[2015.11.10-02.26.10:497][  0]LogTemp:Display: Loaded TP Android_ETC2TargetPlatform
[2015.11.10-02.26.10:500][  0]LogTemp:Display: Loaded TP Android_PVRTCTargetPlatform
[2015.11.10-02.26.10:500][  0]LogTemp:Display: Loaded TP HTML5TargetPlatform
[2015.11.10-02.26.10:516][  0]LogTemp:Display: Loaded TP IOSTargetPlatform
[2015.11.10-02.26.10:518][  0]LogTemp:Display: Loaded TP LinuxNoEditorTargetPlatform
[2015.11.10-02.26.10:521][  0]LogTemp:Display: Loaded TP LinuxServerTargetPlatform
[2015.11.10-02.26.10:523][  0]LogTemp:Display: Loaded TP LinuxTargetPlatform
[2015.11.10-02.26.10:523][  0]LogTargetPlatformManager:Display: Building Assets For Windows
[2015.11.10-02.26.10:584][  0]LogDerivedDataCache:Display: Max Cache Size: 512 MB
[2015.11.10-02.26.10:618][  0]LogDerivedDataCache: Loaded boot cache 0.03s 41MB C:/Users/Baldy19/AppData/Local/UnrealEngine/4.9/DerivedDataCache/Boot.ddc.
[2015.11.10-02.26.10:618][  0]LogDerivedDataCache:Display: Loaded Boot cache: C:/Users/Baldy19/AppData/Local/UnrealEngine/4.9/DerivedDataCache/Boot.ddc
[2015.11.10-02.26.10:618][  0]LogDerivedDataCache: FDerivedDataBackendGraph:  Pak pak cache file ../../../../../../Users/Baldy19/Documents/Unreal Projects/StreetBrawlerMenu/DerivedDataCache/DDC.ddp not found, will not use a pak cache.
[2015.11.10-02.26.10:618][  0]LogDerivedDataCache: Unable to find inner node Pak for hierarchical cache Hierarchy.
[2015.11.10-02.26.10:618][  0]LogDerivedDataCache: FDerivedDataBackendGraph:  CompressedPak pak cache file ../../../../../../Users/Baldy19/Documents/Unreal Projects/StreetBrawlerMenu/DerivedDataCache/Compressed.ddp not found, will not use a pak cache.
[2015.11.10-02.26.10:618][  0]LogDerivedDataCache: Unable to find inner node CompressedPak for hierarchical cache Hierarchy.
[2015.11.10-02.26.10:720][  0]LogDerivedDataCache:Display: Pak cache opened for reading ../../../Engine/DerivedDataCache/Compressed.ddp.
[2015.11.10-02.26.10:732][  0]LogDerivedDataCache: Using Local data cache path C:/Users/Baldy19/AppData/Local/UnrealEngine/Common/DerivedDataCache: Writable
[2015.11.10-02.26.10:873][  0]LogInit: Selected Device Profile: [Windows]
[2015.11.10-02.26.10:875][  0]LogContentStreaming: Texture pool size is 0.000000MB
[2015.11.10-02.26.10:964][  0]LogMeshUtilities: No automatic mesh reduction module available
[2015.11.10-02.26.10:964][  0]LogMeshUtilities: No automatic mesh merging module available
[2015.11.10-02.26.11:133][  0]LogInit: WinSock: version 1.1 (2.2), MaxSocks=32767, MaxUdp=65467
[2015.11.10-02.26.11:624][  0]UdpMessaging: Initializing bridge on interface 0.0.0.0:0 to multicast group 230.0.0.1:6666.
[2015.11.10-02.26.11:736][  0]LogAssetRegistry: FAssetRegistry took 0.0109 seconds to start up
[2015.11.10-02.26.11:857][  0]SourceControl: Info Source control is disabled
[2015.11.10-02.26.11:857][  0]SourceControl: Info Source control is disabled
[2015.11.10-02.26.11:865][  0]SourceControl: Info Source control is disabled
[2015.11.10-02.26.11:873][  0]SourceControl: Info Source control is disabled
[2015.11.10-02.26.11:966][  0]LogLinker:Warning: Asset '../../../Engine/Plugins/Runtime/LeapMotionController/Content/LM_PassthroughMaterial.uasset' has been saved with empty engine version. The asset will be loaded but may be incompatible.
[2015.11.10-02.26.12:021][  0]LogObj: 28361 objects as part of root set at end of initial load.
[2015.11.10-02.26.12:021][  0]LogUObjectAllocator: 6038872 out of 0 bytes used by permanent object pool.
[2015.11.10-02.26.12:064][  0]LogEngine: Initializing Engine...
[2015.11.10-02.26.12:065][  0]OCULUS: Info: 11/10/15 02:26:12: [CAPI] LibOVR module is located at C:\Windows\SYSTEM32\LibOVRRT64_0_7.dll

[2015.11.10-02.26.12:167][  0]LogHMD: Oculus plugin initialized. Version: 4.9.2-2707645+++depot+UE4-Releases+4.9, LibOVR: 0.7.0.0, built Sep 28 2015, 10:27:52
[2015.11.10-02.26.12:278][  0]LogAIModule: Creating AISystem for world NewWorld
[2015.11.10-02.26.12:281][  0]LogInit: XAudio2 using 'Speakers (Realtek High Definition Audio)' : 2 channels at 48 kHz using 32 bits per sample (channel mask 0x3)
[2015.11.10-02.26.12:288][  0]LogInit: FAudioDevice initialized.
[2015.11.10-02.26.12:306][  0]LogDerivedDataCache: Saved boot cache 0.02s 41MB C:/Users/Baldy19/AppData/Local/UnrealEngine/4.9/DerivedDataCache/Boot.ddc.
[2015.11.10-02.26.12:310][  0]LogInit: Texture streaming: Enabled
[2015.11.10-02.26.12:314][  0]LogAnalytics: Creating configured Analytics provider AnalyticsET
[2015.11.10-02.26.12:314][  0]LogAnalytics: [UEEditor.Rocket.Release] APIServer = http://et2.epicgames.com/ET2/. AppVersion = 4.9.2-2707645+++depot+UE4-Releases+4.9
[2015.11.10-02.26.12:314][  0]LogAnalytics: [UEEditor.Rocket.Release] SetUserId 55d437d94a5942be1acffb8112372e95|2b1de111f1b44034812dddcdc6d631fc|a628d361-5b01-4ca0-ac7a-e5c716223cca
[2015.11.10-02.26.12:314][  0]LogAnalytics: [UEEditor.Rocket.Release] AnalyticsET::StartSession
[2015.11.10-02.26.12:339][  0]LogInit: Transaction tracking system initialized
[2015.11.10-02.26.12:360][  0]BlueprintLog: New page: Editor Load
[2015.11.10-02.26.12:419][  0]LocalizationService: Info Localization service is disabled
[2015.11.10-02.26.12:479][  0]LogConsoleResponse:Display: 
[2015.11.10-02.26.12:569][  0]LogCook:Display: Done creating registry. It took  0.00s.
[2015.11.10-02.26.12:611][  0]LogFileCache: Scanning file cache for directory 'C:/Users/Baldy19/Documents/Unreal Projects/StreetBrawlerMenu/Content/' took 0.01s
[2015.11.10-02.26.12:611][  0]SourceControl: Info Source control is disabled
[2015.11.10-02.26.12:611][  0]Cmd: MAP LOAD FILE="../../../../../../Users/Baldy19/Documents/Unreal Projects/StreetBrawlerMenu/Content/StarterContent/Maps/Minimal_Default.umap" TEMPLATE=0 SHOWPROGRESS=1 FEATURELEVEL=3
[2015.11.10-02.26.12:612][  0]LightingResults: New page: Lighting Build
[2015.11.10-02.26.12:614][  0]MapCheck: New page: Map Check
[2015.11.10-02.26.12:614][  0]LightingResults: New page: Lighting Build
[2015.11.10-02.26.12:622][  0]LogParticles: Destroying 0 GPU particle simulations for FXSystem 0x0000009DBDABE3E0
[2015.11.10-02.26.12:940][  0]LogAIModule: Creating AISystem for world Minimal_Default
[2015.11.10-02.26.12:944][  0]LogEditorServer: Finished looking for orphan Actors (0.000 secs)
[2015.11.10-02.26.12:945][  0]Cmd: MAP CHECKDEP NOCLEARLOG
[2015.11.10-02.26.12:978][  0]MapCheck: Info Map check complete: 0 Error(s), 0 Warning(s), took 33.03ms to complete.
[2015.11.10-02.26.12:978][  0]LogFileHelpers: Loading map 'Minimal_Default' took 0.367
[2015.11.10-02.26.13:074][  0]LogCollectionManager: Loaded 0 collections in 0.002059 seconds
[2015.11.10-02.26.13:114][  0]LogFileCache: Scanning file cache for directory 'C:/Users/Baldy19/Documents/Unreal Projects/StreetBrawlerMenu/Saved/Collections/' took 0.01s
[2015.11.10-02.26.13:114][  0]LogFileCache: Scanning file cache for directory 'C:/Users/Baldy19/Documents/Unreal Projects/StreetBrawlerMenu/Content/Developers/Baldy19/Collections/' took 0.01s
[2015.11.10-02.26.13:114][  0]LogFileCache: Scanning file cache for directory 'C:/Users/Baldy19/Documents/Unreal Projects/StreetBrawlerMenu/Content/Collections/' took 0.01s
[2015.11.10-02.26.13:114][  0]LogContentBrowser: Native class hierarchy populated in 0.0064 seconds. Added 1867 classes and 333 folders.
[2015.11.10-02.26.13:124][  0]LogCollectionManager: Rebuilt the GUID cache for 0 collections in 0.000002 seconds
[2015.11.10-02.26.13:129][  0]LogContentBrowser: Native class hierarchy updated for 'WidgetCarousel' in 0.0002 seconds. Added 0 classes and 0 folders.
[2015.11.10-02.26.13:160][  0]LogContentBrowser: Native class hierarchy updated for 'AddContentDialog' in 0.0003 seconds. Added 0 classes and 0 folders.
[2015.11.10-02.26.13:163][  0]LogContentBrowser: Native class hierarchy updated for 'SceneOutliner' in 0.0002 seconds. Added 1 classes and 2 folders.
[2015.11.10-02.26.13:213][  0]LogCrashTracker: Crashtracker disabled due to settings.
[2015.11.10-02.26.13:217][  0]LogUObjectGlobals:Warning: Failed to find object 'Class None.'
[2015.11.10-02.26.13:238][  0]LogLoad: Full Startup: 4.58 seconds (BP compile: 0.06 seconds)
[2015.11.10-02.26.13:293][  0]LogContentStreaming: Texture pool size now 1000 MB
[2015.11.10-02.26.13:397][  0]LogRenderer: Reallocating scene render targets to support 1208x496 (Frame:2).
[2015.11.10-02.26.13:507][  3]LogAssetRegistry: Asset discovery search completed in 1.7825 seconds
[2015.11.10-02.26.13:507][  3]LogCollectionManager: Rebuilt the object cache for 0 collections in 0.000001 seconds (found 0 objects)
[2015.11.10-02.26.13:507][  3]LogCollectionManager: Fixed up redirectors for 0 collections in 0.000015 seconds (updated 0 objects)
[2015.11.10-02.29.00:125][688]LogBlueprintUserMessages: Early PlayInEditor Detection: Level '/Game/StarterContent/Maps/Minimal_Default.Minimal_Default:PersistentLevel' has LevelScriptBlueprint '/Game/StarterContent/Maps/Minimal_Default.Minimal_Default:PersistentLevel.Minimal_Default' with GeneratedClass '/Game/StarterContent/Maps/Minimal_Default.Minimal_Default_C' with ClassGeneratedBy '/Game/StarterContent/Maps/Minimal_Default.Minimal_Default:PersistentLevel.Minimal_Default'
[2015.11.10-02.29.00:125][688]LogPlayLevel: PlayLevel: No blueprints needed recompiling
[2015.11.10-02.29.00:127][688]LogHMD:Warning: HMD Oculus Rift DK2, res = 1920 x 1080
[2015.11.10-02.29.00:127][688]PIE: New page: PIE session: Minimal_Default (Nov 9, 2015, 4:29:00 PM)
[2015.11.10-02.29.00:127][688]LogPlayLevel: Creating play world package: /Game/StarterContent/Maps/UEDPIE_0_Minimal_Default
[2015.11.10-02.29.00:137][688]LogPlayLevel: PIE: StaticDuplicateObject took: (0.009726s)
[2015.11.10-02.29.00:138][688]LogAIModule: Creating AISystem for world Minimal_Default
[2015.11.10-02.29.00:138][688]LogPlayLevel: PIE: World Init took: (0.000789s)
[2015.11.10-02.29.00:138][688]LogPlayLevel: PIE: Created PIE world by copying editor world from /Game/StarterContent/Maps/Minimal_Default.Minimal_Default to /Game/StarterContent/Maps/UEDPIE_0_Minimal_Default.Minimal_Default (0.010780s)
[2015.11.10-02.29.00:160][688]LogInit: XAudio2 using 'Speakers (Realtek High Definition Audio)' : 2 channels at 48 kHz using 32 bits per sample (channel mask 0x3)
[2015.11.10-02.29.00:169][688]LogInit: FAudioDevice initialized.
[2015.11.10-02.29.00:228][688]LogWorld: Game class is 'GameMode'
[2015.11.10-02.29.00:235][688]LogWorld: Bringing World /Game/StarterContent/Maps/UEDPIE_0_Minimal_Default.Minimal_Default up for play (max tick rate 